#
# A fatal error has been detected by the Java Runtime Environment:
#
#  SIGSEGV (0xb) at pc=0x00007fa0bea9cb20, pid=4310, tid=140329206970112
#
# JRE version: 6.0_27-b27
# Java VM: OpenJDK 64-Bit Server VM (20.0-b12 mixed mode linux-amd64 compressed oops)
# Derivative: IcedTea6 1.12.6
# Distribution: Ubuntu 12.04 LTS, package 6b27-1.12.6-1ubuntu0.12.04.2
# Problematic frame:
# C  [swrast_dri.so+0x484b20]  _fini+0x350fc8
#
# If you would like to submit a bug report, please include
# instructions how to reproduce the bug and visit:
#   https://bugs.launchpad.net/ubuntu/+source/openjdk-6/
#

---------------  T H R E A D  ---------------

Current thread is native thread

siginfo:si_signo=SIGSEGV: si_errno=0, si_code=2 (SEGV_ACCERR), si_addr=0x00007fa0bea9cb20

Registers:
RAX=0x0000000000000000, RBX=0x00007fa0f0885700, RCX=0xffffffffffffffff, RDX=0x00007fff4e795500
RSP=0x00007fff4e7954f8, RBP=0x00007fff4e7959d8, RSI=0x00007fff4e795630, RDI=0x000000000000000f
R8 =0x0000000000000000, R9 =0x00007fa0f0885700, R10=0x0000000000000000, R11=0x0000000000000246
R12=0x00007fa0f0885d28, R13=0x00007fa0f0887700, R14=0x00007fff4e795b00, R15=0x0000000000000000
RIP=0x00007fa0bea9cb20, EFLAGS=0x0000000000010246, CSGSFS=0x0000000000000033, ERR=0x0000000000000015
  TRAPNO=0x000000000000000e

Top of Stack: (sp=0x00007fff4e7954f8)
0x00007fff4e7954f8:   00007fa0efcd44a0 0000000000000000
0x00007fff4e795508:   0000000000000000 0000000000000000
0x00007fff4e795518:   00007fa000000002 0000000000000000
0x00007fff4e795528:   0000000000000000 00007fa0f0885700
0x00007fff4e795538:   0000000000000000 0000000000000246
0x00007fff4e795548:   00007fa0f0885d28 00007fa0f0887700
0x00007fff4e795558:   00007fff4e795b00 0000000000000000
0x00007fff4e795568:   00007fa0f08859d0 0000000000000000
0x00007fff4e795578:   00007fff4e7959d8 00007fa0f0885700
0x00007fff4e795588:   00000000000010db 00000000000000ca
0x00007fff4e795598:   ffffffffffffffff 00007fff4e795970
0x00007fff4e7955a8:   00007fa0f0470146 0000000000000246
0x00007fff4e7955b8:   0000000000000033 0000000000000004
0x00007fff4e7955c8:   000000000000000e 0000000000000004
0x00007fff4e7955d8:   00007f9ee24e5000 00007fff4e7956c0
0x00007fff4e7955e8:   0000000001d14978 00007fff4e795760
0x00007fff4e7955f8:   00000000eddacb70 0000000000000000
0x00007fff4e795608:   00007fff4e795810 0000000001d145f0
0x00007fff4e795618:   00007fa0f068da74 0000000000000000
0x00007fff4e795628:   0000000000000004 000000000000000b
0x00007fff4e795638:   0000000001d165b0 000000007972d654
0x00007fff4e795648:   00007fa0f068e29e 00000000f07392ec
0x00007fff4e795658:   0000000000000014 00007fff4e795820
0x00007fff4e795668:   00000000ffffffff 00007fa0efca11fc
0x00007fff4e795678:   00007fa0efca1ca8 00007fff4e7957f0
0x00007fff4e795688:   0000000000000033 00007fa0efcaa9f0
0x00007fff4e795698:   00000000ffffffff 0000000000000000
0x00007fff4e7956a8:   00007fa0f0889830 00007fa0f088a9e8
0x00007fff4e7956b8:   00007fa0f0469ea6 000000000000037f
0x00007fff4e7956c8:   0000000000000000 0000000000000000
0x00007fff4e7956d8:   0002ffff00001fa0 0000000000000000
0x00007fff4e7956e8:   0000000000000000 0000000000000000 

Instructions: (pc=0x00007fa0bea9cb20)
0x00007fa0bea9cb00:   00 00 00 00 00 00 00 00 00 00 00 00 00 00 00 00
0x00007fa0bea9cb10:   00 00 00 00 00 00 00 00 00 00 00 00 00 00 00 00
0x00007fa0bea9cb20:   00 00 00 00 00 00 00 00 00 00 00 00 00 00 00 00
0x00007fa0bea9cb30:   00 00 00 00 00 00 00 00 00 00 00 00 00 00 00 00 

Register to memory mapping:

RAX=0x0000000000000000 is an unknown value
RBX=0x00007fa0f0885700 is pointing into the stack for thread: 0x00007fa0e8008000
RCX=0xffffffffffffffff is an unknown value
RDX=0x00007fff4e795500 is an unknown value
RSP=0x00007fff4e7954f8 is an unknown value
RBP=0x00007fff4e7959d8 is an unknown value
RSI=0x00007fff4e795630 is an unknown value
RDI=0x000000000000000f is an unknown value
R8 =0x0000000000000000 is an unknown value
R9 =0x00007fa0f0885700 is pointing into the stack for thread: 0x00007fa0e8008000
R10=0x0000000000000000 is an unknown value
R11=0x0000000000000246 is an unknown value
R12=0x00007fa0f0885d28 is pointing into the stack for thread: 0x00007fa0e8008000
R13=0x00007fa0f0887700 is an unknown value
R14=0x00007fff4e795b00 is an unknown value
R15=0x0000000000000000 is an unknown value


Stack: [0x00007fff4e69a000,0x00007fff4e79a000],  sp=0x00007fff4e7954f8,  free space=1005k
Native frames: (J=compiled Java code, j=interpreted, Vv=VM code, C=native code)
C  [swrast_dri.so+0x484b20]  _fini+0x350fc8


---------------  P R O C E S S  ---------------

VM state:not at safepoint (normal execution)

VM Mutex/Monitor currently owned by a thread: None

Heap
 def new generation   total 19008K, used 10289K [0x00000000b7c00000, 0x00000000b9090000, 0x00000000cc600000)
  eden space 16960K,  60% used [0x00000000b7c00000, 0x00000000b860c428, 0x00000000b8c90000)
  from space 2048K,   0% used [0x00000000b8c90000, 0x00000000b8c90000, 0x00000000b8e90000)
  to   space 2048K,   0% used [0x00000000b8e90000, 0x00000000b8e90000, 0x00000000b9090000)
 tenured generation   total 42240K, used 0K [0x00000000cc600000, 0x00000000cef40000, 0x00000000f5a00000)
   the space 42240K,   0% used [0x00000000cc600000, 0x00000000cc600000, 0x00000000cc600200, 0x00000000cef40000)
 compacting perm gen  total 21248K, used 10547K [0x00000000f5a00000, 0x00000000f6ec0000, 0x0000000100000000)
   the space 21248K,  49% used [0x00000000f5a00000, 0x00000000f644cff8, 0x00000000f644d000, 0x00000000f6ec0000)
No shared spaces configured.

Code Cache  [0x00007fa0e5000000, 0x00007fa0e5270000, 0x00007fa0e8000000)
 total_blobs=578 nmethods=104 adapters=428 free_code_cache=49628544 largest_free_block=6336

Dynamic libraries:
00400000-00409000 r-xp 00000000 08:01 131281                             /usr/lib/jvm/java-6-openjdk-amd64/jre/bin/java
00608000-00609000 r--p 00008000 08:01 131281                             /usr/lib/jvm/java-6-openjdk-amd64/jre/bin/java
00609000-0060a000 rw-p 00009000 08:01 131281                             /usr/lib/jvm/java-6-openjdk-amd64/jre/bin/java
01d14000-01d35000 rw-p 00000000 00:00 0                                  [heap]
b7c00000-b9090000 rw-p 00000000 00:00 0 
b9090000-cc600000 rw-p 00000000 00:00 0 
cc600000-cef40000 rw-p 00000000 00:00 0 
cef40000-f5a00000 rw-p 00000000 00:00 0 
f5a00000-f6ec0000 rw-p 00000000 00:00 0 
f6ec0000-100000000 rw-p 00000000 00:00 0 
7fa0bb015000-7fa0bba15000 rwxp 00000000 00:00 0 
7fa0bba15000-7fa0bbb57000 rw-p 00000000 00:00 0 
7fa0bbb57000-7fa0bbc57000 rwxp 00000000 00:00 0 
7fa0bbc57000-7fa0bbca4000 rw-p 00000000 00:00 0 
7fa0bbd22000-7fa0bbd29000 r-xp 00000000 08:01 2629085                    /usr/lib/x86_64-linux-gnu/libffi.so.6.0.0
7fa0bbd29000-7fa0bbf28000 ---p 00007000 08:01 2629085                    /usr/lib/x86_64-linux-gnu/libffi.so.6.0.0
7fa0bbf28000-7fa0bbf29000 r--p 00006000 08:01 2629085                    /usr/lib/x86_64-linux-gnu/libffi.so.6.0.0
7fa0bbf29000-7fa0bbf2a000 rw-p 00007000 08:01 2629085                    /usr/lib/x86_64-linux-gnu/libffi.so.6.0.0
7fa0bbf2a000-7fa0bc050000 r-xp 00000000 08:01 2884804                    /usr/lib/x86_64-linux-gnu/dri/libglsl.so
7fa0bc050000-7fa0bc24f000 ---p 00126000 08:01 2884804                    /usr/lib/x86_64-linux-gnu/dri/libglsl.so
7fa0bc24f000-7fa0bc258000 r--p 00125000 08:01 2884804                    /usr/lib/x86_64-linux-gnu/dri/libglsl.so
7fa0bc258000-7fa0bc25b000 rw-p 0012e000 08:01 2884804                    /usr/lib/x86_64-linux-gnu/dri/libglsl.so
7fa0bc25b000-7fa0bc25c000 rw-p 00000000 00:00 0 
7fa0bc25c000-7fa0bd537000 r-xp 00000000 08:01 2628854                    /usr/lib/x86_64-linux-gnu/libLLVM-3.0.so.1
7fa0bd537000-7fa0bd737000 ---p 012db000 08:01 2628854                    /usr/lib/x86_64-linux-gnu/libLLVM-3.0.so.1
7fa0bd737000-7fa0bd8b0000 r--p 012db000 08:01 2628854                    /usr/lib/x86_64-linux-gnu/libLLVM-3.0.so.1
7fa0bd8b0000-7fa0bd9c4000 rw-p 01454000 08:01 2628854                    /usr/lib/x86_64-linux-gnu/libLLVM-3.0.so.1
7fa0bd9c4000-7fa0bd9d8000 rw-p 00000000 00:00 0 
7fa0bd9d8000-7fa0bdbb3000 r-xp 00000000 08:01 2884817                    /usr/lib/x86_64-linux-gnu/dri/libgallium.so
7fa0bdbb3000-7fa0bddb3000 ---p 001db000 08:01 2884817                    /usr/lib/x86_64-linux-gnu/dri/libgallium.so
7fa0bddb3000-7fa0bddc2000 r--p 001db000 08:01 2884817                    /usr/lib/x86_64-linux-gnu/dri/libgallium.so
7fa0bddc2000-7fa0bddc4000 rw-p 001ea000 08:01 2884817                    /usr/lib/x86_64-linux-gnu/dri/libgallium.so
7fa0bddc4000-7fa0bdf8c000 rw-p 00000000 00:00 0 
7fa0bdf8c000-7fa0bdfb3000 r-xp 00000000 08:01 4070828                    /lib/x86_64-linux-gnu/libexpat.so.1.5.2
7fa0bdfb3000-7fa0be1b3000 ---p 00027000 08:01 4070828                    /lib/x86_64-linux-gnu/libexpat.so.1.5.2
7fa0be1b3000-7fa0be1b5000 r--p 00027000 08:01 4070828                    /lib/x86_64-linux-gnu/libexpat.so.1.5.2
7fa0be1b5000-7fa0be1b6000 rw-p 00029000 08:01 4070828                    /lib/x86_64-linux-gnu/libexpat.so.1.5.2
7fa0be1b6000-7fa0be3f5000 r-xp 00000000 08:01 2884806                    /usr/lib/x86_64-linux-gnu/dri/libdricore.so
7fa0be3f5000-7fa0be5f5000 ---p 0023f000 08:01 2884806                    /usr/lib/x86_64-linux-gnu/dri/libdricore.so
7fa0be5f5000-7fa0be5ff000 r--p 0023f000 08:01 2884806                    /usr/lib/x86_64-linux-gnu/dri/libdricore.so
7fa0be5ff000-7fa0be602000 rw-p 00249000 08:01 2884806                    /usr/lib/x86_64-linux-gnu/dri/libdricore.so
7fa0be602000-7fa0be618000 rw-p 00000000 00:00 0 
7fa0be618000-7fa0be79e000 r-xp 00000000 08:01 2884816                    /usr/lib/x86_64-linux-gnu/dri/swrast_dri.so
7fa0be79e000-7fa0be99d000 ---p 00186000 08:01 2884816                    /usr/lib/x86_64-linux-gnu/dri/swrast_dri.so
7fa0be99d000-7fa0be9ac000 r--p 00185000 08:01 2884816                    /usr/lib/x86_64-linux-gnu/dri/swrast_dri.so
7fa0be9ac000-7fa0be9ae000 rw-p 00194000 08:01 2884816                    /usr/lib/x86_64-linux-gnu/dri/swrast_dri.so
7fa0be9ae000-7fa0bec79000 rw-p 00000000 00:00 0 
7fa0bec79000-7fa0bec83000 r-xp 00000000 08:01 2622287                    /usr/lib/x86_64-linux-gnu/libdrm.so.2.4.0
7fa0bec83000-7fa0bee82000 ---p 0000a000 08:01 2622287                    /usr/lib/x86_64-linux-gnu/libdrm.so.2.4.0
7fa0bee82000-7fa0bee83000 r--p 00009000 08:01 2622287                    /usr/lib/x86_64-linux-gnu/libdrm.so.2.4.0
7fa0bee83000-7fa0bee84000 rw-p 0000a000 08:01 2622287                    /usr/lib/x86_64-linux-gnu/libdrm.so.2.4.0
7fa0bee84000-7fa0bee99000 r-xp 00000000 08:01 2625092                    /usr/lib/x86_64-linux-gnu/libxcb-glx.so.0.0.0
7fa0bee99000-7fa0bf098000 ---p 00015000 08:01 2625092                    /usr/lib/x86_64-linux-gnu/libxcb-glx.so.0.0.0
7fa0bf098000-7fa0bf09a000 r--p 00014000 08:01 2625092                    /usr/lib/x86_64-linux-gnu/libxcb-glx.so.0.0.0
7fa0bf09a000-7fa0bf09b000 rw-p 00016000 08:01 2625092                    /usr/lib/x86_64-linux-gnu/libxcb-glx.so.0.0.0
7fa0bf09b000-7fa0bf09c000 r-xp 00000000 08:01 2624471                    /usr/lib/x86_64-linux-gnu/libX11-xcb.so.1.0.0
7fa0bf09c000-7fa0bf29b000 ---p 00001000 08:01 2624471                    /usr/lib/x86_64-linux-gnu/libX11-xcb.so.1.0.0
7fa0bf29b000-7fa0bf29c000 r--p 00000000 08:01 2624471                    /usr/lib/x86_64-linux-gnu/libX11-xcb.so.1.0.0
7fa0bf29c000-7fa0bf29d000 rw-p 00001000 08:01 2624471                    /usr/lib/x86_64-linux-gnu/libX11-xcb.so.1.0.0
7fa0bf29d000-7fa0bf29f000 r-xp 00000000 08:01 2628909                    /usr/lib/x86_64-linux-gnu/libXdamage.so.1.1.0
7fa0bf29f000-7fa0bf49e000 ---p 00002000 08:01 2628909                    /usr/lib/x86_64-linux-gnu/libXdamage.so.1.1.0
7fa0bf49e000-7fa0bf49f000 r--p 00001000 08:01 2628909                    /usr/lib/x86_64-linux-gnu/libXdamage.so.1.1.0
7fa0bf49f000-7fa0bf4a0000 rw-p 00002000 08:01 2628909                    /usr/lib/x86_64-linux-gnu/libXdamage.so.1.1.0
7fa0bf4a0000-7fa0bf4c1000 r-xp 00000000 08:01 2625076                    /usr/lib/x86_64-linux-gnu/libglapi.so.0.0.0
7fa0bf4c1000-7fa0bf6c0000 ---p 00021000 08:01 2625076                    /usr/lib/x86_64-linux-gnu/libglapi.so.0.0.0
7fa0bf6c0000-7fa0bf6c3000 r--p 00020000 08:01 2625076                    /usr/lib/x86_64-linux-gnu/libglapi.so.0.0.0
7fa0bf6c3000-7fa0bf6c4000 rw-p 00023000 08:01 2625076                    /usr/lib/x86_64-linux-gnu/libglapi.so.0.0.0
7fa0bf6c4000-7fa0bf6c5000 rw-p 00000000 00:00 0 
7fa0bf6c5000-7fa0bf722000 r-xp 00000000 08:01 2884484                    /usr/lib/x86_64-linux-gnu/mesa/libGL.so.1.2
7fa0bf722000-7fa0bf921000 ---p 0005d000 08:01 2884484                    /usr/lib/x86_64-linux-gnu/mesa/libGL.so.1.2
7fa0bf921000-7fa0bf923000 r--p 0005c000 08:01 2884484                    /usr/lib/x86_64-linux-gnu/mesa/libGL.so.1.2
7fa0bf923000-7fa0bf924000 rw-p 0005e000 08:01 2884484                    /usr/lib/x86_64-linux-gnu/mesa/libGL.so.1.2
7fa0bf924000-7fa0bf925000 rw-p 00000000 00:00 0 
7fa0bf925000-7fa0bf928000 ---p 00000000 00:00 0 
7fa0bf928000-7fa0bfa26000 rw-p 00000000 00:00 0 
7fa0bfa26000-7fa0bfa29000 ---p 00000000 00:00 0 
7fa0bfa29000-7fa0bfb27000 rw-p 00000000 00:00 0 
7fa0bfb27000-7fa0bfb28000 ---p 00000000 00:00 0 
7fa0bfb28000-7fa0bfc28000 rw-p 00000000 00:00 0 
7fa0bfc28000-7fa0c3c29000 rw-s 00000000 00:12 20525                      /run/shm/pulse-shm-2215750164
7fa0c3c29000-7fa0c3c2a000 ---p 00000000 00:00 0 
7fa0c3c2a000-7fa0c442a000 rw-p 00000000 00:00 0 
7fa0c442a000-7fa0c4442000 r-xp 00000000 08:01 4075114                    /lib/x86_64-linux-gnu/libresolv-2.15.so
7fa0c4442000-7fa0c4642000 ---p 00018000 08:01 4075114                    /lib/x86_64-linux-gnu/libresolv-2.15.so
7fa0c4642000-7fa0c4643000 r--p 00018000 08:01 4075114                    /lib/x86_64-linux-gnu/libresolv-2.15.so
7fa0c4643000-7fa0c4644000 rw-p 00019000 08:01 4075114                    /lib/x86_64-linux-gnu/libresolv-2.15.so
7fa0c4644000-7fa0c4646000 rw-p 00000000 00:00 0 
7fa0c4646000-7fa0c464c000 r-xp 00000000 08:01 2629310                    /usr/lib/x86_64-linux-gnu/libogg.so.0.7.1
7fa0c464c000-7fa0c484b000 ---p 00006000 08:01 2629310                    /usr/lib/x86_64-linux-gnu/libogg.so.0.7.1
7fa0c484b000-7fa0c484c000 r--p 00005000 08:01 2629310                    /usr/lib/x86_64-linux-gnu/libogg.so.0.7.1
7fa0c484c000-7fa0c484d000 rw-p 00006000 08:01 2629310                    /usr/lib/x86_64-linux-gnu/libogg.so.0.7.1
7fa0c484d000-7fa0c4878000 r-xp 00000000 08:01 2629468                    /usr/lib/x86_64-linux-gnu/libvorbis.so.0.4.5
7fa0c4878000-7fa0c4a77000 ---p 0002b000 08:01 2629468                    /usr/lib/x86_64-linux-gnu/libvorbis.so.0.4.5
7fa0c4a77000-7fa0c4a78000 r--p 0002a000 08:01 2629468                    /usr/lib/x86_64-linux-gnu/libvorbis.so.0.4.5
7fa0c4a78000-7fa0c4a79000 rw-p 0002b000 08:01 2629468                    /usr/lib/x86_64-linux-gnu/libvorbis.so.0.4.5
7fa0c4a79000-7fa0c4d2c000 r-xp 00000000 08:01 2629470                    /usr/lib/x86_64-linux-gnu/libvorbisenc.so.2.0.8
7fa0c4d2c000-7fa0c4f2b000 ---p 002b3000 08:01 2629470                    /usr/lib/x86_64-linux-gnu/libvorbisenc.so.2.0.8
7fa0c4f2b000-7fa0c4f47000 r--p 002b2000 08:01 2629470                    /usr/lib/x86_64-linux-gnu/libvorbisenc.so.2.0.8
7fa0c4f47000-7fa0c4f48000 rw-p 002ce000 08:01 2629470                    /usr/lib/x86_64-linux-gnu/libvorbisenc.so.2.0.8
7fa0c4f48000-7fa0c4f90000 r-xp 00000000 08:01 2628843                    /usr/lib/x86_64-linux-gnu/libFLAC.so.8.2.0
7fa0c4f90000-7fa0c5190000 ---p 00048000 08:01 2628843                    /usr/lib/x86_64-linux-gnu/libFLAC.so.8.2.0
7fa0c5190000-7fa0c5191000 r--p 00048000 08:01 2628843                    /usr/lib/x86_64-linux-gnu/libFLAC.so.8.2.0
7fa0c5191000-7fa0c5192000 rw-p 00049000 08:01 2628843                    /usr/lib/x86_64-linux-gnu/libFLAC.so.8.2.0
7fa0c5192000-7fa0c5197000 r-xp 00000000 08:01 2628957                    /usr/lib/x86_64-linux-gnu/libasyncns.so.0.3.1
7fa0c5197000-7fa0c5396000 ---p 00005000 08:01 2628957                    /usr/lib/x86_64-linux-gnu/libasyncns.so.0.3.1
7fa0c5396000-7fa0c5397000 r--p 00004000 08:01 2628957                    /usr/lib/x86_64-linux-gnu/libasyncns.so.0.3.1
7fa0c5397000-7fa0c5398000 rw-p 00005000 08:01 2628957                    /usr/lib/x86_64-linux-gnu/libasyncns.so.0.3.1
7fa0c5398000-7fa0c53f8000 r-xp 00000000 08:01 2629405                    /usr/lib/x86_64-linux-gnu/libsndfile.so.1.0.25
7fa0c53f8000-7fa0c55f8000 ---p 00060000 08:01 2629405                    /usr/lib/x86_64-linux-gnu/libsndfile.so.1.0.25
7fa0c55f8000-7fa0c55fa000 r--p 00060000 08:01 2629405                    /usr/lib/x86_64-linux-gnu/libsndfile.so.1.0.25
7fa0c55fa000-7fa0c55fb000 rw-p 00062000 08:01 2629405                    /usr/lib/x86_64-linux-gnu/libsndfile.so.1.0.25
7fa0c55fb000-7fa0c55ff000 rw-p 00000000 00:00 0 
7fa0c55ff000-7fa0c5607000 r-xp 00000000 08:01 4066973                    /lib/x86_64-linux-gnu/libwrap.so.0.7.6
7fa0c5607000-7fa0c5806000 ---p 00008000 08:01 4066973                    /lib/x86_64-linux-gnu/libwrap.so.0.7.6
7fa0c5806000-7fa0c5807000 r--p 00007000 08:01 4066973                    /lib/x86_64-linux-gnu/libwrap.so.0.7.6
7fa0c5807000-7fa0c5808000 rw-p 00008000 08:01 4066973                    /lib/x86_64-linux-gnu/libwrap.so.0.7.6
7fa0c5808000-7fa0c584a000 r-xp 00000000 08:01 4066845                    /lib/x86_64-linux-gnu/libdbus-1.so.3.5.8
7fa0c584a000-7fa0c5a4a000 ---p 00042000 08:01 4066845                    /lib/x86_64-linux-gnu/libdbus-1.so.3.5.8
7fa0c5a4a000-7fa0c5a4b000 r--p 00042000 08:01 4066845                    /lib/x86_64-linux-gnu/libdbus-1.so.3.5.8
7fa0c5a4b000-7fa0c5a4c000 rw-p 00043000 08:01 4066845                    /lib/x86_64-linux-gnu/libdbus-1.so.3.5.8
7fa0c5a4c000-7fa0c5aa8000 r-xp 00000000 08:01 2627107                    /usr/lib/x86_64-linux-gnu/libpulsecommon-1.1.so
7fa0c5aa8000-7fa0c5ca8000 ---p 0005c000 08:01 2627107                    /usr/lib/x86_64-linux-gnu/libpulsecommon-1.1.so
7fa0c5ca8000-7fa0c5ca9000 r--p 0005c000 08:01 2627107                    /usr/lib/x86_64-linux-gnu/libpulsecommon-1.1.so
7fa0c5ca9000-7fa0c5caa000 rw-p 0005d000 08:01 2627107                    /usr/lib/x86_64-linux-gnu/libpulsecommon-1.1.so
7fa0c5caa000-7fa0c5cb1000 r-xp 00000000 08:01 2629244                    /usr/lib/x86_64-linux-gnu/libjson.so.0.0.1
7fa0c5cb1000-7fa0c5eb0000 ---p 00007000 08:01 2629244                    /usr/lib/x86_64-linux-gnu/libjson.so.0.0.1
7fa0c5eb0000-7fa0c5eb1000 r--p 00006000 08:01 2629244                    /usr/lib/x86_64-linux-gnu/libjson.so.0.0.1
7fa0c5eb1000-7fa0c5eb2000 rw-p 00007000 08:01 2629244                    /usr/lib/x86_64-linux-gnu/libjson.so.0.0.1
7fa0c5eb2000-7fa0c5ef8000 r-xp 00000000 08:01 2627051                    /usr/lib/x86_64-linux-gnu/libpulse.so.0.13.5
7fa0c5ef8000-7fa0c60f8000 ---p 00046000 08:01 2627051                    /usr/lib/x86_64-linux-gnu/libpulse.so.0.13.5
7fa0c60f8000-7fa0c60f9000 r--p 00046000 08:01 2627051                    /usr/lib/x86_64-linux-gnu/libpulse.so.0.13.5
7fa0c60f9000-7fa0c60fa000 rw-p 00047000 08:01 2627051                    /usr/lib/x86_64-linux-gnu/libpulse.so.0.13.5
7fa0c60fa000-7fa0c614b000 r-xp 00000000 08:01 2361953                    /tmp/libgdxtcollins/2789134151/libopenal64.so
7fa0c614b000-7fa0c634b000 ---p 00051000 08:01 2361953                    /tmp/libgdxtcollins/2789134151/libopenal64.so
7fa0c634b000-7fa0c634d000 r--p 00051000 08:01 2361953                    /tmp/libgdxtcollins/2789134151/libopenal64.so
7fa0c634d000-7fa0c634e000 rw-p 00053000 08:01 2361953                    /tmp/libgdxtcollins/2789134151/libopenal64.so
7fa0c634e000-7fa0c634f000 rw-p 00000000 00:00 0 
7fa0c634f000-7fa0c6353000 r-xp 00000000 08:01 2625094                    /usr/lib/x86_64-linux-gnu/libXxf86vm.so.1.0.0
7fa0c6353000-7fa0c6552000 ---p 00004000 08:01 2625094                    /usr/lib/x86_64-linux-gnu/libXxf86vm.so.1.0.0
7fa0c6552000-7fa0c6553000 r--p 00003000 08:01 2625094                    /usr/lib/x86_64-linux-gnu/libXxf86vm.so.1.0.0
7fa0c6553000-7fa0c6554000 rw-p 00004000 08:01 2625094                    /usr/lib/x86_64-linux-gnu/libXxf86vm.so.1.0.0
7fa0c6554000-7fa0c655b000 r-xp 00000000 08:01 2623287                    /usr/lib/x86_64-linux-gnu/libXrandr.so.2.2.0
7fa0c655b000-7fa0c675a000 ---p 00007000 08:01 2623287                    /usr/lib/x86_64-linux-gnu/libXrandr.so.2.2.0
7fa0c675a000-7fa0c675b000 r--p 00006000 08:01 2623287                    /usr/lib/x86_64-linux-gnu/libXrandr.so.2.2.0
7fa0c675b000-7fa0c675c000 rw-p 00007000 08:01 2623287                    /usr/lib/x86_64-linux-gnu/libXrandr.so.2.2.0
7fa0c675c000-7fa0c67c6000 r-xp 00000000 08:01 2361952                    /tmp/libgdxtcollins/2789134151/liblwjgl64.so
7fa0c67c6000-7fa0c69c6000 ---p 0006a000 08:01 2361952                    /tmp/libgdxtcollins/2789134151/liblwjgl64.so
7fa0c69c6000-7fa0c69c8000 r--p 0006a000 08:01 2361952                    /tmp/libgdxtcollins/2789134151/liblwjgl64.so
7fa0c69c8000-7fa0c69c9000 rw-p 0006c000 08:01 2361952                    /tmp/libgdxtcollins/2789134151/liblwjgl64.so
7fa0c69c9000-7fa0c69ca000 r-xp 00000000 08:01 131240                     /usr/lib/jvm/java-6-openjdk-amd64/jre/lib/amd64/libjawt.so
7fa0c69ca000-7fa0c6bc9000 ---p 00001000 08:01 131240                     /usr/lib/jvm/java-6-openjdk-amd64/jre/lib/amd64/libjawt.so
7fa0c6bc9000-7fa0c6bca000 r--p 00000000 08:01 131240                     /usr/lib/jvm/java-6-openjdk-amd64/jre/lib/amd64/libjawt.so
7fa0c6bca000-7fa0c6bcb000 rw-p 00001000 08:01 131240                     /usr/lib/jvm/java-6-openjdk-amd64/jre/lib/amd64/libjawt.so
7fa0c6bcb000-7fa0c6bce000 ---p 00000000 00:00 0 
7fa0c6bce000-7fa0c6ccc000 rw-p 00000000 00:00 0 
7fa0c6ccc000-7fa0c6cd1000 r-xp 00000000 08:01 2623275                    /usr/lib/x86_64-linux-gnu/libXfixes.so.3.1.0
7fa0c6cd1000-7fa0c6ed0000 ---p 00005000 08:01 2623275                    /usr/lib/x86_64-linux-gnu/libXfixes.so.3.1.0
7fa0c6ed0000-7fa0c6ed1000 r--p 00004000 08:01 2623275                    /usr/lib/x86_64-linux-gnu/libXfixes.so.3.1.0
7fa0c6ed1000-7fa0c6ed2000 rw-p 00005000 08:01 2623275                    /usr/lib/x86_64-linux-gnu/libXfixes.so.3.1.0
7fa0c6ed2000-7fa0c6edb000 r-xp 00000000 08:01 2623279                    /usr/lib/x86_64-linux-gnu/libXcursor.so.1.0.2
7fa0c6edb000-7fa0c70da000 ---p 00009000 08:01 2623279                    /usr/lib/x86_64-linux-gnu/libXcursor.so.1.0.2
7fa0c70da000-7fa0c70db000 r--p 00008000 08:01 2623279                    /usr/lib/x86_64-linux-gnu/libXcursor.so.1.0.2
7fa0c70db000-7fa0c70dc000 rw-p 00009000 08:01 2623279                    /usr/lib/x86_64-linux-gnu/libXcursor.so.1.0.2
7fa0c70dc000-7fa0c7172000 r-xp 00000000 08:01 2627053                    /usr/lib/x86_64-linux-gnu/libfreetype.so.6.8.0
7fa0c7172000-7fa0c7371000 ---p 00096000 08:01 2627053                    /usr/lib/x86_64-linux-gnu/libfreetype.so.6.8.0
7fa0c7371000-7fa0c7377000 r--p 00095000 08:01 2627053                    /usr/lib/x86_64-linux-gnu/libfreetype.so.6.8.0
7fa0c7377000-7fa0c7378000 rw-p 0009b000 08:01 2627053                    /usr/lib/x86_64-linux-gnu/libfreetype.so.6.8.0
7fa0c7378000-7fa0c73c1000 r-xp 00000000 08:01 131256                     /usr/lib/jvm/java-6-openjdk-amd64/jre/lib/amd64/libfontmanager.so
7fa0c73c1000-7fa0c75c0000 ---p 00049000 08:01 131256                     /usr/lib/jvm/java-6-openjdk-amd64/jre/lib/amd64/libfontmanager.so
7fa0c75c0000-7fa0c75c2000 r--p 00048000 08:01 131256                     /usr/lib/jvm/java-6-openjdk-amd64/jre/lib/amd64/libfontmanager.so
7fa0c75c2000-7fa0c75c3000 rw-p 0004a000 08:01 131256                     /usr/lib/jvm/java-6-openjdk-amd64/jre/lib/amd64/libfontmanager.so
7fa0c75c3000-7fa0c75c4000 rw-p 00000000 00:00 0 
7fa0c75c4000-7fa0c75c9000 r-xp 00000000 08:01 2628911                    /usr/lib/x86_64-linux-gnu/libXdmcp.so.6.0.0
7fa0c75c9000-7fa0c77c8000 ---p 00005000 08:01 2628911                    /usr/lib/x86_64-linux-gnu/libXdmcp.so.6.0.0
7fa0c77c8000-7fa0c77c9000 r--p 00004000 08:01 2628911                    /usr/lib/x86_64-linux-gnu/libXdmcp.so.6.0.0
7fa0c77c9000-7fa0c77ca000 rw-p 00005000 08:01 2628911                    /usr/lib/x86_64-linux-gnu/libXdmcp.so.6.0.0
7fa0c77ca000-7fa0c77cc000 r-xp 00000000 08:01 2628900                    /usr/lib/x86_64-linux-gnu/libXau.so.6.0.0
7fa0c77cc000-7fa0c79cb000 ---p 00002000 08:01 2628900                    /usr/lib/x86_64-linux-gnu/libXau.so.6.0.0
7fa0c79cb000-7fa0c79cc000 r--p 00001000 08:01 2628900                    /usr/lib/x86_64-linux-gnu/libXau.so.6.0.0
7fa0c79cc000-7fa0c79cd000 rw-p 00002000 08:01 2628900                    /usr/lib/x86_64-linux-gnu/libXau.so.6.0.0
7fa0c79cd000-7fa0c79ea000 r-xp 00000000 08:01 2623210                    /usr/lib/x86_64-linux-gnu/libxcb.so.1.1.0
7fa0c79ea000-7fa0c7be9000 ---p 0001d000 08:01 2623210                    /usr/lib/x86_64-linux-gnu/libxcb.so.1.1.0
7fa0c7be9000-7fa0c7bea000 r--p 0001c000 08:01 2623210                    /usr/lib/x86_64-linux-gnu/libxcb.so.1.1.0
7fa0c7bea000-7fa0c7beb000 rw-p 0001d000 08:01 2623210                    /usr/lib/x86_64-linux-gnu/libxcb.so.1.1.0
7fa0c7beb000-7fa0c7bf9000 r-xp 00000000 08:01 2623283                    /usr/lib/x86_64-linux-gnu/libXi.so.6.1.0
7fa0c7bf9000-7fa0c7df8000 ---p 0000e000 08:01 2623283                    /usr/lib/x86_64-linux-gnu/libXi.so.6.1.0
7fa0c7df8000-7fa0c7df9000 r--p 0000d000 08:01 2623283                    /usr/lib/x86_64-linux-gnu/libXi.so.6.1.0
7fa0c7df9000-7fa0c7dfa000 rw-p 0000e000 08:01 2623283                    /usr/lib/x86_64-linux-gnu/libXi.so.6.1.0
7fa0c7dfa000-7fa0c7dff000 r-xp 00000000 08:01 2627227                    /usr/lib/x86_64-linux-gnu/libXtst.so.6.1.0
7fa0c7dff000-7fa0c7ffe000 ---p 00005000 08:01 2627227                    /usr/lib/x86_64-linux-gnu/libXtst.so.6.1.0
7fa0c7ffe000-7fa0c7fff000 r--p 00004000 08:01 2627227                    /usr/lib/x86_64-linux-gnu/libXtst.so.6.1.0
7fa0c7fff000-7fa0c8000000 rw-p 00005000 08:01 2627227                    /usr/lib/x86_64-linux-gnu/libXtst.so.6.1.0
7fa0c8000000-7fa0c8256000 rw-p 00000000 00:00 0 
7fa0c8256000-7fa0cc000000 ---p 00000000 00:00 0 
7fa0cc000000-7fa0cc021000 rw-p 00000000 00:00 0 
7fa0cc021000-7fa0d0000000 ---p 00000000 00:00 0 
7fa0d0000000-7fa0d0021000 rw-p 00000000 00:00 0 
7fa0d0021000-7fa0d4000000 ---p 00000000 00:00 0 
7fa0d4000000-7fa0d42c4000 rw-p 00000000 00:00 0 
7fa0d42c4000-7fa0d8000000 ---p 00000000 00:00 0 
7fa0d8000000-7fa0d8021000 rw-p 00000000 00:00 0 
7fa0d8021000-7fa0dc000000 ---p 00000000 00:00 0 
7fa0dc000000-7fa0dc91c000 rw-p 00000000 00:00 0 
7fa0dc91c000-7fa0e0000000 ---p 00000000 00:00 0 
7fa0e0000000-7fa0e0021000 rw-p 00000000 00:00 0 
7fa0e0021000-7fa0e4000000 ---p 00000000 00:00 0 
7fa0e4037000-7fa0e4060000 rw-p 00000000 00:00 0 
7fa0e4093000-7fa0e4094000 rwxp 00000000 00:00 0 
7fa0e4094000-7fa0e409b000 r--s 00000000 08:01 2897865                    /usr/lib/x86_64-linux-gnu/gconv/gconv-modules.cache
7fa0e409b000-7fa0e409c000 r--s 00000000 08:01 2895097                    /var/cache/fontconfig/c05880de57d1f5e948fdfacc138775d9-le64.cache-3
7fa0e409c000-7fa0e40a5000 r--s 00000000 08:01 2891083                    /var/cache/fontconfig/945677eb7aeaf62f1d50efc3fb3ec7d8-le64.cache-3
7fa0e40a5000-7fa0e40a7000 r--s 00000000 08:01 2895095                    /var/cache/fontconfig/99e8ed0e538f840c565b6ed5dad60d56-le64.cache-3
7fa0e40a7000-7fa0e40ab000 r--s 00000000 08:01 2895094                    /var/cache/fontconfig/2cd17615ca594fa2959ae173292e504c-le64.cache-3
7fa0e40ab000-7fa0e40ac000 r--s 00000000 08:01 2895093                    /var/cache/fontconfig/e7071f4a29fa870f4323321c154eba04-le64.cache-3
7fa0e40ac000-7fa0e40ad000 r--s 00000000 08:01 2895092                    /var/cache/fontconfig/0d8c3b2ac0904cb8a57a757ad11a4a08-le64.cache-3
7fa0e40ad000-7fa0e40b3000 r--s 00000000 08:01 2895091                    /var/cache/fontconfig/a755afe4a08bf5b97852ceb7400b47bc-le64.cache-3
7fa0e40b3000-7fa0e40bc000 r--s 00000000 08:01 2895090                    /var/cache/fontconfig/6d41288fd70b0be22e8c3a91e032eec0-le64.cache-3
7fa0e40bc000-7fa0e40cc000 r--s 00000000 08:01 2895089                    /var/cache/fontconfig/04aabc0a78ac019cf9454389977116d2-le64.cache-3
7fa0e40cc000-7fa0e40cf000 r--s 00000000 08:01 2895088                    /var/cache/fontconfig/385c0604a188198f04d133e54aba7fe7-le64.cache-3
7fa0e40cf000-7fa0e40d0000 r--s 00000000 08:01 2895087                    /var/cache/fontconfig/4794a0821666d79190d59a36cb4f44b5-le64.cache-3
7fa0e40d0000-7fa0e40d3000 r--s 00000000 08:01 2895086                    /var/cache/fontconfig/8801497958630a81b71ace7c5f9b32a8-le64.cache-3
7fa0e40d3000-7fa0e40d8000 r--s 00000000 08:01 2895085                    /var/cache/fontconfig/3047814df9a2f067bd2d96a2b9c36e5a-le64.cache-3
7fa0e40d8000-7fa0e40d9000 r--s 00000000 08:01 2895084                    /var/cache/fontconfig/56cf4f4769d0f4abc89a4895d7bd3ae1-le64.cache-3
7fa0e40d9000-7fa0e40da000 r--s 00000000 08:01 2895083                    /var/cache/fontconfig/b9d506c9ac06c20b433354fa67a72993-le64.cache-3
7fa0e40da000-7fa0e40df000 r--s 00000000 08:01 2895082                    /var/cache/fontconfig/b47c4e1ecd0709278f4910c18777a504-le64.cache-3
7fa0e40df000-7fa0e40ef000 r--s 00000000 08:01 2895081                    /var/cache/fontconfig/d52a8644073d54c13679302ca1180695-le64.cache-3
7fa0e40ef000-7fa0e40f2000 r--s 00000000 08:01 2891080                    /var/cache/fontconfig/e13b20fdb08344e0e664864cc2ede53d-le64.cache-3
7fa0e40f2000-7fa0e40f6000 r--s 00000000 08:01 2891060                    /var/cache/fontconfig/7ef2298fde41cc6eeb7af42e48b7d293-le64.cache-3
7fa0e40f6000-7fa0e40f7000 r--s 00000000 08:01 2895097                    /var/cache/fontconfig/c05880de57d1f5e948fdfacc138775d9-le64.cache-3
7fa0e40f7000-7fa0e4100000 r--s 00000000 08:01 2891083                    /var/cache/fontconfig/945677eb7aeaf62f1d50efc3fb3ec7d8-le64.cache-3
7fa0e4100000-7fa0e4102000 r--s 00000000 08:01 2895095                    /var/cache/fontconfig/99e8ed0e538f840c565b6ed5dad60d56-le64.cache-3
7fa0e4102000-7fa0e4106000 r--s 00000000 08:01 2895094                    /var/cache/fontconfig/2cd17615ca594fa2959ae173292e504c-le64.cache-3
7fa0e4106000-7fa0e4107000 r--s 00000000 08:01 2895093                    /var/cache/fontconfig/e7071f4a29fa870f4323321c154eba04-le64.cache-3
7fa0e4107000-7fa0e4108000 r--s 00000000 08:01 2895092                    /var/cache/fontconfig/0d8c3b2ac0904cb8a57a757ad11a4a08-le64.cache-3
7fa0e4108000-7fa0e4118000 r--s 00000000 08:01 2895089                    /var/cache/fontconfig/04aabc0a78ac019cf9454389977116d2-le64.cache-3
7fa0e4118000-7fa0e4121000 r-xp 00000000 08:01 2623277                    /usr/lib/x86_64-linux-gnu/libXrender.so.1.3.0
7fa0e4121000-7fa0e4320000 ---p 00009000 08:01 2623277                    /usr/lib/x86_64-linux-gnu/libXrender.so.1.3.0
7fa0e4320000-7fa0e4321000 r--p 00008000 08:01 2623277                    /usr/lib/x86_64-linux-gnu/libXrender.so.1.3.0
7fa0e4321000-7fa0e4322000 rw-p 00009000 08:01 2623277                    /usr/lib/x86_64-linux-gnu/libXrender.so.1.3.0
7fa0e4322000-7fa0e4452000 r-xp 00000000 08:01 2623212                    /usr/lib/x86_64-linux-gnu/libX11.so.6.3.0
7fa0e4452000-7fa0e4652000 ---p 00130000 08:01 2623212                    /usr/lib/x86_64-linux-gnu/libX11.so.6.3.0
7fa0e4652000-7fa0e4653000 r--p 00130000 08:01 2623212                    /usr/lib/x86_64-linux-gnu/libX11.so.6.3.0
7fa0e4653000-7fa0e4657000 rw-p 00131000 08:01 2623212                    /usr/lib/x86_64-linux-gnu/libX11.so.6.3.0
7fa0e4657000-7fa0e4667000 r-xp 00000000 08:01 2623281                    /usr/lib/x86_64-linux-gnu/libXext.so.6.4.0
7fa0e4667000-7fa0e4866000 ---p 00010000 08:01 2623281                    /usr/lib/x86_64-linux-gnu/libXext.so.6.4.0
7fa0e4866000-7fa0e4867000 r--p 0000f000 08:01 2623281                    /usr/lib/x86_64-linux-gnu/libXext.so.6.4.0
7fa0e4867000-7fa0e4868000 rw-p 00010000 08:01 2623281                    /usr/lib/x86_64-linux-gnu/libXext.so.6.4.0
7fa0e4868000-7fa0e48b3000 r-xp 00000000 08:01 131290                     /usr/lib/jvm/java-6-openjdk-amd64/jre/lib/amd64/xawt/libmawt.so
7fa0e48b3000-7fa0e4ab3000 ---p 0004b000 08:01 131290                     /usr/lib/jvm/java-6-openjdk-amd64/jre/lib/amd64/xawt/libmawt.so
7fa0e4ab3000-7fa0e4ab4000 r--p 0004b000 08:01 131290                     /usr/lib/jvm/java-6-openjdk-amd64/jre/lib/amd64/xawt/libmawt.so
7fa0e4ab4000-7fa0e4ab7000 rw-p 0004c000 08:01 131290                     /usr/lib/jvm/java-6-openjdk-amd64/jre/lib/amd64/xawt/libmawt.so
7fa0e4ab7000-7fa0e4ab8000 rw-p 00000000 00:00 0 
7fa0e4ab8000-7fa0e4b65000 r-xp 00000000 08:01 131242                     /usr/lib/jvm/java-6-openjdk-amd64/jre/lib/amd64/libawt.so
7fa0e4b65000-7fa0e4d64000 ---p 000ad000 08:01 131242                     /usr/lib/jvm/java-6-openjdk-amd64/jre/lib/amd64/libawt.so
7fa0e4d64000-7fa0e4d65000 r--p 000ac000 08:01 131242                     /usr/lib/jvm/java-6-openjdk-amd64/jre/lib/amd64/libawt.so
7fa0e4d65000-7fa0e4d70000 rw-p 000ad000 08:01 131242                     /usr/lib/jvm/java-6-openjdk-amd64/jre/lib/amd64/libawt.so
7fa0e4d70000-7fa0e4d95000 rw-p 00000000 00:00 0 
7fa0e4d95000-7fa0e4dfd000 r-xp 00000000 08:01 2361950                    /tmp/libgdxtcollins/1506174322/libgdx64.so
7fa0e4dfd000-7fa0e4ffc000 ---p 00068000 08:01 2361950                    /tmp/libgdxtcollins/1506174322/libgdx64.so
7fa0e4ffc000-7fa0e4ffe000 r--p 00067000 08:01 2361950                    /tmp/libgdxtcollins/1506174322/libgdx64.so
7fa0e4ffe000-7fa0e4fff000 rw-p 00069000 08:01 2361950                    /tmp/libgdxtcollins/1506174322/libgdx64.so
7fa0e4fff000-7fa0e5000000 rw-p 00000000 00:00 0 
7fa0e5000000-7fa0e5270000 rwxp 00000000 00:00 0 
7fa0e5270000-7fa0e823e000 rw-p 00000000 00:00 0 
7fa0e823e000-7fa0ec000000 ---p 00000000 00:00 0 
7fa0ec000000-7fa0ec006000 r--s 00000000 08:01 2895091                    /var/cache/fontconfig/a755afe4a08bf5b97852ceb7400b47bc-le64.cache-3
7fa0ec006000-7fa0ec00f000 r--s 00000000 08:01 2895090                    /var/cache/fontconfig/6d41288fd70b0be22e8c3a91e032eec0-le64.cache-3
7fa0ec00f000-7fa0ec012000 r--s 00000000 08:01 2895088                    /var/cache/fontconfig/385c0604a188198f04d133e54aba7fe7-le64.cache-3
7fa0ec012000-7fa0ec013000 r--s 00000000 08:01 2895087                    /var/cache/fontconfig/4794a0821666d79190d59a36cb4f44b5-le64.cache-3
7fa0ec013000-7fa0ec016000 r--s 00000000 08:01 2895086                    /var/cache/fontconfig/8801497958630a81b71ace7c5f9b32a8-le64.cache-3
7fa0ec016000-7fa0ec01b000 r--s 00000000 08:01 2895085                    /var/cache/fontconfig/3047814df9a2f067bd2d96a2b9c36e5a-le64.cache-3
7fa0ec01b000-7fa0ec01c000 r--s 00000000 08:01 2895084                    /var/cache/fontconfig/56cf4f4769d0f4abc89a4895d7bd3ae1-le64.cache-3
7fa0ec01c000-7fa0ec01d000 r--s 00000000 08:01 2895083                    /var/cache/fontconfig/b9d506c9ac06c20b433354fa67a72993-le64.cache-3
7fa0ec01d000-7fa0ec022000 r--s 00000000 08:01 2895082                    /var/cache/fontconfig/b47c4e1ecd0709278f4910c18777a504-le64.cache-3
7fa0ec022000-7fa0ec032000 r--s 00000000 08:01 2895081                    /var/cache/fontconfig/d52a8644073d54c13679302ca1180695-le64.cache-3
7fa0ec032000-7fa0ec035000 ---p 00000000 00:00 0 
7fa0ec035000-7fa0ec133000 rw-p 00000000 00:00 0 
7fa0ec133000-7fa0ec13a000 r--s 000fc000 08:01 2893891                    /usr/lib/jvm/java-6-openjdk-common/jre/lib/resources.jar
7fa0ec13a000-7fa0ec13b000 r--s 0011b000 08:01 2228386                    /home/tcollins/dev/game-dev/nugget-game/nugget-desktop/libs/gdx-natives.jar
7fa0ec13b000-7fa0ec13c000 r--s 00162000 08:01 2228387                    /home/tcollins/dev/game-dev/nugget-game/nugget-desktop/libs/gdx-backend-lwjgl-natives.jar
7fa0ec13c000-7fa0ec150000 r--s 0014d000 08:01 2228385                    /home/tcollins/dev/game-dev/nugget-game/nugget-desktop/libs/gdx-backend-lwjgl.jar
7fa0ec150000-7fa0ec169000 r--s 001df000 08:01 2228657                    /home/tcollins/dev/game-dev/nugget-game/nugget/libs/gdx-tools.jar
7fa0ec169000-7fa0ec16a000 ---p 00000000 00:00 0 
7fa0ec16a000-7fa0ec26a000 rw-p 00000000 00:00 0 
7fa0ec26a000-7fa0ec26d000 ---p 00000000 00:00 0 
7fa0ec26d000-7fa0ec36b000 rw-p 00000000 00:00 0 
7fa0ec36b000-7fa0ec36e000 ---p 00000000 00:00 0 
7fa0ec36e000-7fa0ec46c000 rw-p 00000000 00:00 0 
7fa0ec46c000-7fa0ec46f000 ---p 00000000 00:00 0 
7fa0ec46f000-7fa0ec56d000 rw-p 00000000 00:00 0 
7fa0ec56d000-7fa0ec570000 ---p 00000000 00:00 0 
7fa0ec570000-7fa0ec66e000 rw-p 00000000 00:00 0 
7fa0ec66e000-7fa0ecd51000 r--p 00000000 08:01 2628252                    /usr/lib/locale/locale-archive
7fa0ecd51000-7fa0ecd54000 ---p 00000000 00:00 0 
7fa0ecd54000-7fa0ece52000 rw-p 00000000 00:00 0 
7fa0ece52000-7fa0ece55000 ---p 00000000 00:00 0 
7fa0ece55000-7fa0ecf53000 rw-p 00000000 00:00 0 
7fa0ecf53000-7fa0ecf54000 ---p 00000000 00:00 0 
7fa0ecf54000-7fa0ed087000 rw-p 00000000 00:00 0 
7fa0ed087000-7fa0ed21b000 r--s 03807000 08:01 131232                     /usr/lib/jvm/java-6-openjdk-amd64/jre/lib/rt.jar
7fa0ed21b000-7fa0ed24e000 rw-p 00000000 00:00 0 
7fa0ed24e000-7fa0ed297000 rw-p 00000000 00:00 0 
7fa0ed297000-7fa0ed2ac000 rw-p 00000000 00:00 0 
7fa0ed2ac000-7fa0ed3e2000 rw-p 00000000 00:00 0 
7fa0ed3e2000-7fa0ed3ed000 rw-p 00000000 00:00 0 
7fa0ed3ed000-7fa0ed487000 rw-p 00000000 00:00 0 
7fa0ed487000-7fa0ed49c000 rw-p 00000000 00:00 0 
7fa0ed49c000-7fa0ed5d1000 rw-p 00000000 00:00 0 
7fa0ed5d1000-7fa0ed5dc000 rw-p 00000000 00:00 0 
7fa0ed5dc000-7fa0ed624000 rw-p 00000000 00:00 0 
7fa0ed624000-7fa0ed625000 rw-p 00000000 00:00 0 
7fa0ed625000-7fa0ed62c000 r-xp 00000000 08:01 131239                     /usr/lib/jvm/java-6-openjdk-amd64/jre/lib/amd64/libzip.so
7fa0ed62c000-7fa0ed82b000 ---p 00007000 08:01 131239                     /usr/lib/jvm/java-6-openjdk-amd64/jre/lib/amd64/libzip.so
7fa0ed82b000-7fa0ed82c000 r--p 00006000 08:01 131239                     /usr/lib/jvm/java-6-openjdk-amd64/jre/lib/amd64/libzip.so
7fa0ed82c000-7fa0ed82d000 rw-p 00007000 08:01 131239                     /usr/lib/jvm/java-6-openjdk-amd64/jre/lib/amd64/libzip.so
7fa0ed82d000-7fa0ed839000 r-xp 00000000 08:01 4075113                    /lib/x86_64-linux-gnu/libnss_files-2.15.so
7fa0ed839000-7fa0eda38000 ---p 0000c000 08:01 4075113                    /lib/x86_64-linux-gnu/libnss_files-2.15.so
7fa0eda38000-7fa0eda39000 r--p 0000b000 08:01 4075113                    /lib/x86_64-linux-gnu/libnss_files-2.15.so
7fa0eda39000-7fa0eda3a000 rw-p 0000c000 08:01 4075113                    /lib/x86_64-linux-gnu/libnss_files-2.15.so
7fa0eda3a000-7fa0eda44000 r-xp 00000000 08:01 4075117                    /lib/x86_64-linux-gnu/libnss_nis-2.15.so
7fa0eda44000-7fa0edc44000 ---p 0000a000 08:01 4075117                    /lib/x86_64-linux-gnu/libnss_nis-2.15.so
7fa0edc44000-7fa0edc45000 r--p 0000a000 08:01 4075117                    /lib/x86_64-linux-gnu/libnss_nis-2.15.so
7fa0edc45000-7fa0edc46000 rw-p 0000b000 08:01 4075117                    /lib/x86_64-linux-gnu/libnss_nis-2.15.so
7fa0edc46000-7fa0edc5d000 r-xp 00000000 08:01 4075129                    /lib/x86_64-linux-gnu/libnsl-2.15.so
7fa0edc5d000-7fa0ede5c000 ---p 00017000 08:01 4075129                    /lib/x86_64-linux-gnu/libnsl-2.15.so
7fa0ede5c000-7fa0ede5d000 r--p 00016000 08:01 4075129                    /lib/x86_64-linux-gnu/libnsl-2.15.so
7fa0ede5d000-7fa0ede5e000 rw-p 00017000 08:01 4075129                    /lib/x86_64-linux-gnu/libnsl-2.15.so
7fa0ede5e000-7fa0ede60000 rw-p 00000000 00:00 0 
7fa0ede60000-7fa0ede68000 r-xp 00000000 08:01 4075111                    /lib/x86_64-linux-gnu/libnss_compat-2.15.so
7fa0ede68000-7fa0ee067000 ---p 00008000 08:01 4075111                    /lib/x86_64-linux-gnu/libnss_compat-2.15.so
7fa0ee067000-7fa0ee068000 r--p 00007000 08:01 4075111                    /lib/x86_64-linux-gnu/libnss_compat-2.15.so
7fa0ee068000-7fa0ee069000 rw-p 00008000 08:01 4075111                    /lib/x86_64-linux-gnu/libnss_compat-2.15.so
7fa0ee069000-7fa0ee095000 r-xp 00000000 08:01 131238                     /usr/lib/jvm/java-6-openjdk-amd64/jre/lib/amd64/libjava.so
7fa0ee095000-7fa0ee294000 ---p 0002c000 08:01 131238                     /usr/lib/jvm/java-6-openjdk-amd64/jre/lib/amd64/libjava.so
7fa0ee294000-7fa0ee295000 r--p 0002b000 08:01 131238                     /usr/lib/jvm/java-6-openjdk-amd64/jre/lib/amd64/libjava.so
7fa0ee295000-7fa0ee298000 rw-p 0002c000 08:01 131238                     /usr/lib/jvm/java-6-openjdk-amd64/jre/lib/amd64/libjava.so
7fa0ee298000-7fa0ee2a6000 r-xp 00000000 08:01 131263                     /usr/lib/jvm/java-6-openjdk-amd64/jre/lib/amd64/libverify.so
7fa0ee2a6000-7fa0ee4a5000 ---p 0000e000 08:01 131263                     /usr/lib/jvm/java-6-openjdk-amd64/jre/lib/amd64/libverify.so
7fa0ee4a5000-7fa0ee4a7000 r--p 0000d000 08:01 131263                     /usr/lib/jvm/java-6-openjdk-amd64/jre/lib/amd64/libverify.so
7fa0ee4a7000-7fa0ee4a8000 rw-p 0000f000 08:01 131263                     /usr/lib/jvm/java-6-openjdk-amd64/jre/lib/amd64/libverify.so
7fa0ee4a8000-7fa0ee4af000 r-xp 00000000 08:01 4075116                    /lib/x86_64-linux-gnu/librt-2.15.so
7fa0ee4af000-7fa0ee6ae000 ---p 00007000 08:01 4075116                    /lib/x86_64-linux-gnu/librt-2.15.so
7fa0ee6ae000-7fa0ee6af000 r--p 00006000 08:01 4075116                    /lib/x86_64-linux-gnu/librt-2.15.so
7fa0ee6af000-7fa0ee6b0000 rw-p 00007000 08:01 4075116                    /lib/x86_64-linux-gnu/librt-2.15.so
7fa0ee6b0000-7fa0ee6c5000 r-xp 00000000 08:01 4066885                    /lib/x86_64-linux-gnu/libgcc_s.so.1
7fa0ee6c5000-7fa0ee8c4000 ---p 00015000 08:01 4066885                    /lib/x86_64-linux-gnu/libgcc_s.so.1
7fa0ee8c4000-7fa0ee8c5000 r--p 00014000 08:01 4066885                    /lib/x86_64-linux-gnu/libgcc_s.so.1
7fa0ee8c5000-7fa0ee8c6000 rw-p 00015000 08:01 4066885                    /lib/x86_64-linux-gnu/libgcc_s.so.1
7fa0ee8c6000-7fa0ee9c1000 r-xp 00000000 08:01 4075120                    /lib/x86_64-linux-gnu/libm-2.15.so
7fa0ee9c1000-7fa0eebc0000 ---p 000fb000 08:01 4075120                    /lib/x86_64-linux-gnu/libm-2.15.so
7fa0eebc0000-7fa0eebc1000 r--p 000fa000 08:01 4075120                    /lib/x86_64-linux-gnu/libm-2.15.so
7fa0eebc1000-7fa0eebc2000 rw-p 000fb000 08:01 4075120                    /lib/x86_64-linux-gnu/libm-2.15.so
7fa0eebc2000-7fa0eeca4000 r-xp 00000000 08:01 2629427                    /usr/lib/x86_64-linux-gnu/libstdc++.so.6.0.16
7fa0eeca4000-7fa0eeea3000 ---p 000e2000 08:01 2629427                    /usr/lib/x86_64-linux-gnu/libstdc++.so.6.0.16
7fa0eeea3000-7fa0eeeab000 r--p 000e1000 08:01 2629427                    /usr/lib/x86_64-linux-gnu/libstdc++.so.6.0.16
7fa0eeeab000-7fa0eeead000 rw-p 000e9000 08:01 2629427                    /usr/lib/x86_64-linux-gnu/libstdc++.so.6.0.16
7fa0eeead000-7fa0eeec2000 rw-p 00000000 00:00 0 
7fa0eeec2000-7fa0ef7c2000 r-xp 00000000 08:01 131252                     /usr/lib/jvm/java-6-openjdk-amd64/jre/lib/amd64/server/libjvm.so
7fa0ef7c2000-7fa0ef9c2000 ---p 00900000 08:01 131252                     /usr/lib/jvm/java-6-openjdk-amd64/jre/lib/amd64/server/libjvm.so
7fa0ef9c2000-7fa0efa43000 r--p 00900000 08:01 131252                     /usr/lib/jvm/java-6-openjdk-amd64/jre/lib/amd64/server/libjvm.so
7fa0efa43000-7fa0efa5e000 rw-p 00981000 08:01 131252                     /usr/lib/jvm/java-6-openjdk-amd64/jre/lib/amd64/server/libjvm.so
7fa0efa5e000-7fa0efa87000 rw-p 00000000 00:00 0 
7fa0efa87000-7fa0efa9d000 r-xp 00000000 08:01 4066975                    /lib/x86_64-linux-gnu/libz.so.1.2.3.4
7fa0efa9d000-7fa0efc9c000 ---p 00016000 08:01 4066975                    /lib/x86_64-linux-gnu/libz.so.1.2.3.4
7fa0efc9c000-7fa0efc9d000 r--p 00015000 08:01 4066975                    /lib/x86_64-linux-gnu/libz.so.1.2.3.4
7fa0efc9d000-7fa0efc9e000 rw-p 00016000 08:01 4066975                    /lib/x86_64-linux-gnu/libz.so.1.2.3.4
7fa0efc9e000-7fa0efe53000 r-xp 00000000 08:01 4075109                    /lib/x86_64-linux-gnu/libc-2.15.so
7fa0efe53000-7fa0f0053000 ---p 001b5000 08:01 4075109                    /lib/x86_64-linux-gnu/libc-2.15.so
7fa0f0053000-7fa0f0057000 r--p 001b5000 08:01 4075109                    /lib/x86_64-linux-gnu/libc-2.15.so
7fa0f0057000-7fa0f0059000 rw-p 001b9000 08:01 4075109                    /lib/x86_64-linux-gnu/libc-2.15.so
7fa0f0059000-7fa0f005e000 rw-p 00000000 00:00 0 
7fa0f005e000-7fa0f0060000 r-xp 00000000 08:01 4075124                    /lib/x86_64-linux-gnu/libdl-2.15.so
7fa0f0060000-7fa0f0260000 ---p 00002000 08:01 4075124                    /lib/x86_64-linux-gnu/libdl-2.15.so
7fa0f0260000-7fa0f0261000 r--p 00002000 08:01 4075124                    /lib/x86_64-linux-gnu/libdl-2.15.so
7fa0f0261000-7fa0f0262000 rw-p 00003000 08:01 4075124                    /lib/x86_64-linux-gnu/libdl-2.15.so
7fa0f0262000-7fa0f0266000 r-xp 00000000 08:01 131265                     /usr/lib/jvm/java-6-openjdk-amd64/jre/lib/amd64/jli/libjli.so
7fa0f0266000-7fa0f0465000 ---p 00004000 08:01 131265                     /usr/lib/jvm/java-6-openjdk-amd64/jre/lib/amd64/jli/libjli.so
7fa0f0465000-7fa0f0466000 r--p 00003000 08:01 131265                     /usr/lib/jvm/java-6-openjdk-amd64/jre/lib/amd64/jli/libjli.so
7fa0f0466000-7fa0f0467000 rw-p 00004000 08:01 131265                     /usr/lib/jvm/java-6-openjdk-amd64/jre/lib/amd64/jli/libjli.so
7fa0f0467000-7fa0f047f000 r-xp 00000000 08:01 4075118                    /lib/x86_64-linux-gnu/libpthread-2.15.so
7fa0f047f000-7fa0f067e000 ---p 00018000 08:01 4075118                    /lib/x86_64-linux-gnu/libpthread-2.15.so
7fa0f067e000-7fa0f067f000 r--p 00017000 08:01 4075118                    /lib/x86_64-linux-gnu/libpthread-2.15.so
7fa0f067f000-7fa0f0680000 rw-p 00018000 08:01 4075118                    /lib/x86_64-linux-gnu/libpthread-2.15.so
7fa0f0680000-7fa0f0684000 rw-p 00000000 00:00 0 
7fa0f0684000-7fa0f06a6000 r-xp 00000000 08:01 4075121                    /lib/x86_64-linux-gnu/ld-2.15.so
7fa0f06a6000-7fa0f06a9000 r--s 00000000 08:01 2891080                    /var/cache/fontconfig/e13b20fdb08344e0e664864cc2ede53d-le64.cache-3
7fa0f06a9000-7fa0f06ad000 r--s 00000000 08:01 2891060                    /var/cache/fontconfig/7ef2298fde41cc6eeb7af42e48b7d293-le64.cache-3
7fa0f06ad000-7fa0f06b0000 r--s 0000b000 08:01 2228370                    /home/tcollins/dev/game-dev/nugget-game/nugget/libs/tween-engine-api.jar
7fa0f06b0000-7fa0f06b3000 r--s 0007f000 08:01 2893908                    /usr/lib/jvm/java-6-openjdk-common/jre/lib/jsse.jar
7fa0f06b3000-7fa0f06c5000 r--s 0010a000 08:01 2228369                    /home/tcollins/dev/game-dev/nugget-game/nugget/libs/gdx.jar
7fa0f06c5000-7fa0f06cf000 rw-p 00000000 00:00 0 
7fa0f06cf000-7fa0f0785000 rw-p 00000000 00:00 0 
7fa0f0785000-7fa0f0788000 ---p 00000000 00:00 0 
7fa0f0788000-7fa0f088b000 rw-p 00000000 00:00 0 
7fa0f088b000-7fa0f088e000 r--s 00031000 08:01 2893881                    /usr/lib/jvm/java-6-openjdk-common/jre/lib/ext/sunjce_provider.jar
7fa0f088e000-7fa0f0891000 r--s 00077000 08:01 2893879                    /usr/lib/jvm/java-6-openjdk-common/jre/lib/ext/localedata.jar
7fa0f0891000-7fa0f0895000 r--s 00039000 08:01 2886097                    /usr/lib/jvm/java-6-openjdk-common/jre/lib/ext/sunpkcs11.jar
7fa0f0895000-7fa0f0897000 r--s 0000f000 08:01 2893870                    /usr/lib/jvm/java-6-openjdk-common/jre/lib/ext/pulse-java.jar
7fa0f0897000-7fa0f0898000 r--s 00007000 08:01 2892691                    /usr/share/java/java-atk-wrapper.jar
7fa0f0898000-7fa0f089a000 r--s 00001000 08:01 2893880                    /usr/lib/jvm/java-6-openjdk-common/jre/lib/ext/dnsns.jar
7fa0f089a000-7fa0f08a2000 rw-s 00000000 08:01 2361959                    /tmp/hsperfdata_tcollins/4310
7fa0f08a2000-7fa0f08a3000 rw-p 00000000 00:00 0 
7fa0f08a3000-7fa0f08a4000 r--p 00000000 00:00 0 
7fa0f08a4000-7fa0f08a6000 rw-p 00000000 00:00 0 
7fa0f08a6000-7fa0f08a7000 r--p 00022000 08:01 4075121                    /lib/x86_64-linux-gnu/ld-2.15.so
7fa0f08a7000-7fa0f08a9000 rw-p 00023000 08:01 4075121                    /lib/x86_64-linux-gnu/ld-2.15.so
7fff4e779000-7fff4e79a000 rw-p 00000000 00:00 0                          [stack]
7fff4e7ff000-7fff4e800000 r-xp 00000000 00:00 0                          [vdso]
ffffffffff600000-ffffffffff601000 r-xp 00000000 00:00 0                  [vsyscall]

VM Arguments:
jvm_args: -Dfile.encoding=UTF-8 
java_command: net.tcollins.nugget.NuggetGameDesktop
Launcher Type: SUN_STANDARD

Environment Variables:
PATH=/usr/lib/lightdm/lightdm:/usr/local/sbin:/usr/local/bin:/usr/sbin:/usr/bin:/sbin:/bin:/usr/games
LD_LIBRARY_PATH=/usr/lib/jvm/java-6-openjdk-amd64/jre/lib/amd64/server:/usr/lib/jvm/java-6-openjdk-amd64/jre/lib/amd64:/usr/lib/jvm/java-6-openjdk-amd64/jre/../lib/amd64
SHELL=/bin/bash
DISPLAY=:0

Signal Handlers:
SIGSEGV: [libjvm.so+0x7837a0], sa_mask[0]=0x7ffbfeff, sa_flags=0x10000004
SIGBUS: [libjvm.so+0x7837a0], sa_mask[0]=0x7ffbfeff, sa_flags=0x10000004
SIGFPE: [libjvm.so+0x647720], sa_mask[0]=0x7ffbfeff, sa_flags=0x10000004
SIGPIPE: SIG_IGN, sa_mask[0]=0x00001000, sa_flags=0x10000000
SIGXFSZ: [libjvm.so+0x647720], sa_mask[0]=0x7ffbfeff, sa_flags=0x10000004
SIGILL: [libjvm.so+0x647720], sa_mask[0]=0x7ffbfeff, sa_flags=0x10000004
SIGUSR1: SIG_DFL, sa_mask[0]=0x00000000, sa_flags=0x00000000
SIGUSR2: [libjvm.so+0x647900], sa_mask[0]=0x00000004, sa_flags=0x10000004
SIGHUP: [libjvm.so+0x64a2d0], sa_mask[0]=0x7ffbfeff, sa_flags=0x10000004
SIGINT: [swrast_dri.so+0x484b20], sa_mask[0]=0x00000002, sa_flags=0x10000000
SIGTERM: [swrast_dri.so+0x484b20], sa_mask[0]=0x00004000, sa_flags=0x10000000
SIGQUIT: [libjvm.so+0x64a2d0], sa_mask[0]=0x7ffbfeff, sa_flags=0x10000004


---------------  S Y S T E M  ---------------

OS:Ubuntu 12.04 (precise)
uname:Linux 3.2.0-53-generic #81-Ubuntu SMP Thu Aug 22 21:01:03 UTC 2013 x86_64
libc:glibc 2.15 NPTL 2.15 
rlimit: STACK 8192k, CORE 0k, NPROC 31502, NOFILE 4096, AS infinity
load average:1.04 0.96 0.61

/proc/meminfo:
MemTotal:        4049972 kB
MemFree:         1539556 kB
Buffers:          184544 kB
Cached:           854684 kB
SwapCached:            0 kB
Active:          1624108 kB
Inactive:         657416 kB
Active(anon):    1243016 kB
Inactive(anon):     9280 kB
Active(file):     381092 kB
Inactive(file):   648136 kB
Unevictable:           0 kB
Mlocked:               0 kB
SwapTotal:       4191228 kB
SwapFree:        4191228 kB
Dirty:               196 kB
Writeback:             0 kB
AnonPages:       1242368 kB
Mapped:           215208 kB
Shmem:              9920 kB
Slab:             134320 kB
SReclaimable:     114280 kB
SUnreclaim:        20040 kB
KernelStack:        3712 kB
PageTables:        28928 kB
NFS_Unstable:          0 kB
Bounce:                0 kB
WritebackTmp:          0 kB
CommitLimit:     6216212 kB
Committed_AS:    3724520 kB
VmallocTotal:   34359738367 kB
VmallocUsed:       66704 kB
VmallocChunk:   34359669052 kB
HardwareCorrupted:     0 kB
AnonHugePages:         0 kB
HugePages_Total:       0
HugePages_Free:        0
HugePages_Rsvd:        0
HugePages_Surp:        0
Hugepagesize:       2048 kB
DirectMap4k:       51136 kB
DirectMap2M:     4143104 kB


CPU:total 1 (1 cores per cpu, 1 threads per core) family 16 model 10 stepping 0, cmov, cx8, fxsr, mmx, sse, sse2, sse3, 3dnowpref

Memory: 4k page, physical 4049972k(1539556k free), swap 4191228k(4191228k free)

vm_info: OpenJDK 64-Bit Server VM (20.0-b12) for linux-amd64 JRE (1.6.0_27-b27), built on Jul 17 2013 13:53:24 by "buildd" with gcc 4.6.3

time: Sat Nov  9 12:27:11 2013
elapsed time: 74 seconds

