#
# A fatal error has been detected by the Java Runtime Environment:
#
#  SIGSEGV (0xb) at pc=0x00007f6d7e34cb20, pid=3862, tid=140109082400512
#
# JRE version: 6.0_27-b27
# Java VM: OpenJDK 64-Bit Server VM (20.0-b12 mixed mode linux-amd64 compressed oops)
# Derivative: IcedTea6 1.12.6
# Distribution: Ubuntu 12.04 LTS, package 6b27-1.12.6-1ubuntu0.12.04.2
# Problematic frame:
# C  [swrast_dri.so+0x484b20]  _fini+0x350fc8
#
# If you would like to submit a bug report, please include
# instructions how to reproduce the bug and visit:
#   https://bugs.launchpad.net/ubuntu/+source/openjdk-6/
#

---------------  T H R E A D  ---------------

Current thread is native thread

siginfo:si_signo=SIGSEGV: si_errno=0, si_code=2 (SEGV_ACCERR), si_addr=0x00007f6d7e34cb20

Registers:
RAX=0x0000000000000000, RBX=0x00007f6db015f700, RCX=0xffffffffffffffff, RDX=0x00007fff35b7d080
RSP=0x00007fff35b7d078, RBP=0x00007fff35b7d528, RSI=0x00007fff35b7d1b0, RDI=0x000000000000000f
R8 =0x0000000000000000, R9 =0x00007f6db015f700, R10=0x0000000000000000, R11=0x0000000000000246
R12=0x00007f6db015fd28, R13=0x00007f6db0161700, R14=0x00007fff35b7d650, R15=0x0000000000000000
RIP=0x00007f6d7e34cb20, EFLAGS=0x0000000000010246, CSGSFS=0x0000000000000033, ERR=0x0000000000000015
  TRAPNO=0x000000000000000e

Top of Stack: (sp=0x00007fff35b7d078)
0x00007fff35b7d078:   00007f6daf5ae4a0 0000000000000000
0x00007fff35b7d088:   0000000000000000 0000000000000000
0x00007fff35b7d098:   00007f6d00000002 0000000000000000
0x00007fff35b7d0a8:   0000000000000000 00007f6db015f700
0x00007fff35b7d0b8:   0000000000000000 0000000000000246
0x00007fff35b7d0c8:   00007f6db015fd28 00007f6db0161700
0x00007fff35b7d0d8:   00007fff35b7d650 0000000000000000
0x00007fff35b7d0e8:   00007f6db015f9d0 0000000000000000
0x00007fff35b7d0f8:   00007fff35b7d528 00007f6db015f700
0x00007fff35b7d108:   0000000000000f1b 00000000000000ca
0x00007fff35b7d118:   ffffffffffffffff 00007fff35b7d4c0
0x00007fff35b7d128:   00007f6dafd4a146 0000000000000246
0x00007fff35b7d138:   0000000000000033 0000000000000004
0x00007fff35b7d148:   000000000000000e 0000000000000004
0x00007fff35b7d158:   00007f9ee24e5000 00007fff35b7d240
0x00007fff35b7d168:   00007f6daff67a74 0000000000000000
0x00007fff35b7d178:   0000000000000004 000000000000000b
0x00007fff35b7d188:   000000000228e5b0 000000007972d654
0x00007fff35b7d198:   00007f6daff6829e 00000000f07392ec
0x00007fff35b7d1a8:   0000000000000004 00007fff35b7d370
0x00007fff35b7d1b8:   00000000ffffffff 00007f6daf57b1fc
0x00007fff35b7d1c8:   00007f6daf57bca8 00007fff35b7d340
0x00007fff35b7d1d8:   0000000000000033 00007f6daf5849f0
0x00007fff35b7d1e8:   00000000ffffffff 0000000000000000
0x00007fff35b7d1f8:   00007f6db0163830 00007f6db01649e8
0x00007fff35b7d208:   00007f6dafd43ea6 00007f6daf5889f8
0x00007fff35b7d218:   00007f6dafd41f30 0000000100000000
0x00007fff35b7d228:   00007f6daff67a74 00007f6db01649e8
0x00007fff35b7d238:   0000000000000001 000000000000037f
0x00007fff35b7d248:   0000000000000000 0000000000000000
0x00007fff35b7d258:   0002ffff00001fa0 0000000000000000
0x00007fff35b7d268:   0000000000000000 0000000000000000 

Instructions: (pc=0x00007f6d7e34cb20)
0x00007f6d7e34cb00:   00 00 00 00 00 00 00 00 00 00 00 00 00 00 00 00
0x00007f6d7e34cb10:   00 00 00 00 00 00 00 00 00 00 00 00 00 00 00 00
0x00007f6d7e34cb20:   00 00 00 00 00 00 00 00 00 00 00 00 00 00 00 00
0x00007f6d7e34cb30:   00 00 00 00 00 00 00 00 00 00 00 00 00 00 00 00 

Register to memory mapping:

RAX=0x0000000000000000 is an unknown value
RBX=0x00007f6db015f700 is pointing into the stack for thread: 0x00007f6da8008000
RCX=0xffffffffffffffff is an unknown value
RDX=0x00007fff35b7d080 is an unknown value
RSP=0x00007fff35b7d078 is an unknown value
RBP=0x00007fff35b7d528 is an unknown value
RSI=0x00007fff35b7d1b0 is an unknown value
RDI=0x000000000000000f is an unknown value
R8 =0x0000000000000000 is an unknown value
R9 =0x00007f6db015f700 is pointing into the stack for thread: 0x00007f6da8008000
R10=0x0000000000000000 is an unknown value
R11=0x0000000000000246 is an unknown value
R12=0x00007f6db015fd28 is pointing into the stack for thread: 0x00007f6da8008000
R13=0x00007f6db0161700 is an unknown value
R14=0x00007fff35b7d650 is an unknown value
R15=0x0000000000000000 is an unknown value


Stack: [0x00007fff35a83000,0x00007fff35b83000],  sp=0x00007fff35b7d078,  free space=1000k
Native frames: (J=compiled Java code, j=interpreted, Vv=VM code, C=native code)
C  [swrast_dri.so+0x484b20]  _fini+0x350fc8


---------------  P R O C E S S  ---------------

VM state:not at safepoint (normal execution)

VM Mutex/Monitor currently owned by a thread: None

Heap
 def new generation   total 19008K, used 9769K [0x00000000b7c00000, 0x00000000b9090000, 0x00000000cc600000)
  eden space 16960K,  57% used [0x00000000b7c00000, 0x00000000b858a598, 0x00000000b8c90000)
  from space 2048K,   0% used [0x00000000b8c90000, 0x00000000b8c90000, 0x00000000b8e90000)
  to   space 2048K,   0% used [0x00000000b8e90000, 0x00000000b8e90000, 0x00000000b9090000)
 tenured generation   total 42240K, used 0K [0x00000000cc600000, 0x00000000cef40000, 0x00000000f5a00000)
   the space 42240K,   0% used [0x00000000cc600000, 0x00000000cc600000, 0x00000000cc600200, 0x00000000cef40000)
 compacting perm gen  total 21248K, used 10473K [0x00000000f5a00000, 0x00000000f6ec0000, 0x0000000100000000)
   the space 21248K,  49% used [0x00000000f5a00000, 0x00000000f643a480, 0x00000000f643a600, 0x00000000f6ec0000)
No shared spaces configured.

Code Cache  [0x00007f6da5000000, 0x00007f6da5270000, 0x00007f6da8000000)
 total_blobs=527 nmethods=53 adapters=428 free_code_cache=49689536 largest_free_block=11328

Dynamic libraries:
00400000-00409000 r-xp 00000000 08:01 131281                             /usr/lib/jvm/java-6-openjdk-amd64/jre/bin/java
00608000-00609000 r--p 00008000 08:01 131281                             /usr/lib/jvm/java-6-openjdk-amd64/jre/bin/java
00609000-0060a000 rw-p 00009000 08:01 131281                             /usr/lib/jvm/java-6-openjdk-amd64/jre/bin/java
0228c000-022ad000 rw-p 00000000 00:00 0                                  [heap]
b7c00000-b9090000 rw-p 00000000 00:00 0 
b9090000-cc600000 rw-p 00000000 00:00 0 
cc600000-cef40000 rw-p 00000000 00:00 0 
cef40000-f5a00000 rw-p 00000000 00:00 0 
f5a00000-f6ec0000 rw-p 00000000 00:00 0 
f6ec0000-100000000 rw-p 00000000 00:00 0 
7f6d7a9c2000-7f6d7b3c2000 rwxp 00000000 00:00 0 
7f6d7b3c2000-7f6d7b463000 rw-p 00000000 00:00 0 
7f6d7b463000-7f6d7b464000 rwxp 00000000 00:00 0 
7f6d7b464000-7f6d7b505000 rw-p 00000000 00:00 0 
7f6d7b505000-7f6d7b585000 rwxp 00000000 00:00 0 
7f6d7b585000-7f6d7b5d2000 rw-p 00000000 00:00 0 
7f6d7b5d2000-7f6d7b5d9000 r-xp 00000000 08:01 2629085                    /usr/lib/x86_64-linux-gnu/libffi.so.6.0.0
7f6d7b5d9000-7f6d7b7d8000 ---p 00007000 08:01 2629085                    /usr/lib/x86_64-linux-gnu/libffi.so.6.0.0
7f6d7b7d8000-7f6d7b7d9000 r--p 00006000 08:01 2629085                    /usr/lib/x86_64-linux-gnu/libffi.so.6.0.0
7f6d7b7d9000-7f6d7b7da000 rw-p 00007000 08:01 2629085                    /usr/lib/x86_64-linux-gnu/libffi.so.6.0.0
7f6d7b7da000-7f6d7b900000 r-xp 00000000 08:01 2884804                    /usr/lib/x86_64-linux-gnu/dri/libglsl.so
7f6d7b900000-7f6d7baff000 ---p 00126000 08:01 2884804                    /usr/lib/x86_64-linux-gnu/dri/libglsl.so
7f6d7baff000-7f6d7bb08000 r--p 00125000 08:01 2884804                    /usr/lib/x86_64-linux-gnu/dri/libglsl.so
7f6d7bb08000-7f6d7bb0b000 rw-p 0012e000 08:01 2884804                    /usr/lib/x86_64-linux-gnu/dri/libglsl.so
7f6d7bb0b000-7f6d7bb0c000 rw-p 00000000 00:00 0 
7f6d7bb0c000-7f6d7cde7000 r-xp 00000000 08:01 2628854                    /usr/lib/x86_64-linux-gnu/libLLVM-3.0.so.1
7f6d7cde7000-7f6d7cfe7000 ---p 012db000 08:01 2628854                    /usr/lib/x86_64-linux-gnu/libLLVM-3.0.so.1
7f6d7cfe7000-7f6d7d160000 r--p 012db000 08:01 2628854                    /usr/lib/x86_64-linux-gnu/libLLVM-3.0.so.1
7f6d7d160000-7f6d7d274000 rw-p 01454000 08:01 2628854                    /usr/lib/x86_64-linux-gnu/libLLVM-3.0.so.1
7f6d7d274000-7f6d7d288000 rw-p 00000000 00:00 0 
7f6d7d288000-7f6d7d463000 r-xp 00000000 08:01 2884817                    /usr/lib/x86_64-linux-gnu/dri/libgallium.so
7f6d7d463000-7f6d7d663000 ---p 001db000 08:01 2884817                    /usr/lib/x86_64-linux-gnu/dri/libgallium.so
7f6d7d663000-7f6d7d672000 r--p 001db000 08:01 2884817                    /usr/lib/x86_64-linux-gnu/dri/libgallium.so
7f6d7d672000-7f6d7d674000 rw-p 001ea000 08:01 2884817                    /usr/lib/x86_64-linux-gnu/dri/libgallium.so
7f6d7d674000-7f6d7d83c000 rw-p 00000000 00:00 0 
7f6d7d83c000-7f6d7d863000 r-xp 00000000 08:01 4070828                    /lib/x86_64-linux-gnu/libexpat.so.1.5.2
7f6d7d863000-7f6d7da63000 ---p 00027000 08:01 4070828                    /lib/x86_64-linux-gnu/libexpat.so.1.5.2
7f6d7da63000-7f6d7da65000 r--p 00027000 08:01 4070828                    /lib/x86_64-linux-gnu/libexpat.so.1.5.2
7f6d7da65000-7f6d7da66000 rw-p 00029000 08:01 4070828                    /lib/x86_64-linux-gnu/libexpat.so.1.5.2
7f6d7da66000-7f6d7dca5000 r-xp 00000000 08:01 2884806                    /usr/lib/x86_64-linux-gnu/dri/libdricore.so
7f6d7dca5000-7f6d7dea5000 ---p 0023f000 08:01 2884806                    /usr/lib/x86_64-linux-gnu/dri/libdricore.so
7f6d7dea5000-7f6d7deaf000 r--p 0023f000 08:01 2884806                    /usr/lib/x86_64-linux-gnu/dri/libdricore.so
7f6d7deaf000-7f6d7deb2000 rw-p 00249000 08:01 2884806                    /usr/lib/x86_64-linux-gnu/dri/libdricore.so
7f6d7deb2000-7f6d7dec8000 rw-p 00000000 00:00 0 
7f6d7dec8000-7f6d7e04e000 r-xp 00000000 08:01 2884816                    /usr/lib/x86_64-linux-gnu/dri/swrast_dri.so
7f6d7e04e000-7f6d7e24d000 ---p 00186000 08:01 2884816                    /usr/lib/x86_64-linux-gnu/dri/swrast_dri.so
7f6d7e24d000-7f6d7e25c000 r--p 00185000 08:01 2884816                    /usr/lib/x86_64-linux-gnu/dri/swrast_dri.so
7f6d7e25c000-7f6d7e25e000 rw-p 00194000 08:01 2884816                    /usr/lib/x86_64-linux-gnu/dri/swrast_dri.so
7f6d7e25e000-7f6d7e529000 rw-p 00000000 00:00 0 
7f6d7e529000-7f6d7e533000 r-xp 00000000 08:01 2622287                    /usr/lib/x86_64-linux-gnu/libdrm.so.2.4.0
7f6d7e533000-7f6d7e732000 ---p 0000a000 08:01 2622287                    /usr/lib/x86_64-linux-gnu/libdrm.so.2.4.0
7f6d7e732000-7f6d7e733000 r--p 00009000 08:01 2622287                    /usr/lib/x86_64-linux-gnu/libdrm.so.2.4.0
7f6d7e733000-7f6d7e734000 rw-p 0000a000 08:01 2622287                    /usr/lib/x86_64-linux-gnu/libdrm.so.2.4.0
7f6d7e734000-7f6d7e749000 r-xp 00000000 08:01 2625092                    /usr/lib/x86_64-linux-gnu/libxcb-glx.so.0.0.0
7f6d7e749000-7f6d7e948000 ---p 00015000 08:01 2625092                    /usr/lib/x86_64-linux-gnu/libxcb-glx.so.0.0.0
7f6d7e948000-7f6d7e94a000 r--p 00014000 08:01 2625092                    /usr/lib/x86_64-linux-gnu/libxcb-glx.so.0.0.0
7f6d7e94a000-7f6d7e94b000 rw-p 00016000 08:01 2625092                    /usr/lib/x86_64-linux-gnu/libxcb-glx.so.0.0.0
7f6d7e94b000-7f6d7e94c000 r-xp 00000000 08:01 2624471                    /usr/lib/x86_64-linux-gnu/libX11-xcb.so.1.0.0
7f6d7e94c000-7f6d7eb4b000 ---p 00001000 08:01 2624471                    /usr/lib/x86_64-linux-gnu/libX11-xcb.so.1.0.0
7f6d7eb4b000-7f6d7eb4c000 r--p 00000000 08:01 2624471                    /usr/lib/x86_64-linux-gnu/libX11-xcb.so.1.0.0
7f6d7eb4c000-7f6d7eb4d000 rw-p 00001000 08:01 2624471                    /usr/lib/x86_64-linux-gnu/libX11-xcb.so.1.0.0
7f6d7eb4d000-7f6d7eb4f000 r-xp 00000000 08:01 2628909                    /usr/lib/x86_64-linux-gnu/libXdamage.so.1.1.0
7f6d7eb4f000-7f6d7ed4e000 ---p 00002000 08:01 2628909                    /usr/lib/x86_64-linux-gnu/libXdamage.so.1.1.0
7f6d7ed4e000-7f6d7ed4f000 r--p 00001000 08:01 2628909                    /usr/lib/x86_64-linux-gnu/libXdamage.so.1.1.0
7f6d7ed4f000-7f6d7ed50000 rw-p 00002000 08:01 2628909                    /usr/lib/x86_64-linux-gnu/libXdamage.so.1.1.0
7f6d7ed50000-7f6d7ed71000 r-xp 00000000 08:01 2625076                    /usr/lib/x86_64-linux-gnu/libglapi.so.0.0.0
7f6d7ed71000-7f6d7ef70000 ---p 00021000 08:01 2625076                    /usr/lib/x86_64-linux-gnu/libglapi.so.0.0.0
7f6d7ef70000-7f6d7ef73000 r--p 00020000 08:01 2625076                    /usr/lib/x86_64-linux-gnu/libglapi.so.0.0.0
7f6d7ef73000-7f6d7ef74000 rw-p 00023000 08:01 2625076                    /usr/lib/x86_64-linux-gnu/libglapi.so.0.0.0
7f6d7ef74000-7f6d7ef75000 rw-p 00000000 00:00 0 
7f6d7ef75000-7f6d7efd2000 r-xp 00000000 08:01 2884484                    /usr/lib/x86_64-linux-gnu/mesa/libGL.so.1.2
7f6d7efd2000-7f6d7f1d1000 ---p 0005d000 08:01 2884484                    /usr/lib/x86_64-linux-gnu/mesa/libGL.so.1.2
7f6d7f1d1000-7f6d7f1d3000 r--p 0005c000 08:01 2884484                    /usr/lib/x86_64-linux-gnu/mesa/libGL.so.1.2
7f6d7f1d3000-7f6d7f1d4000 rw-p 0005e000 08:01 2884484                    /usr/lib/x86_64-linux-gnu/mesa/libGL.so.1.2
7f6d7f1d4000-7f6d7f1d5000 rw-p 00000000 00:00 0 
7f6d7f1d5000-7f6d7f1d8000 ---p 00000000 00:00 0 
7f6d7f1d8000-7f6d7f2d6000 rw-p 00000000 00:00 0 
7f6d7f2d6000-7f6d7f2d9000 ---p 00000000 00:00 0 
7f6d7f2d9000-7f6d7f3d7000 rw-p 00000000 00:00 0 
7f6d7f3d7000-7f6d7f3d8000 ---p 00000000 00:00 0 
7f6d7f3d8000-7f6d7f4d8000 rw-p 00000000 00:00 0 
7f6d7f4d8000-7f6d834d9000 rw-s 00000000 00:12 18825                      /run/shm/pulse-shm-1946350964
7f6d834d9000-7f6d834da000 ---p 00000000 00:00 0 
7f6d834da000-7f6d83cda000 rw-p 00000000 00:00 0 
7f6d83cda000-7f6d83cf2000 r-xp 00000000 08:01 4075114                    /lib/x86_64-linux-gnu/libresolv-2.15.so
7f6d83cf2000-7f6d83ef2000 ---p 00018000 08:01 4075114                    /lib/x86_64-linux-gnu/libresolv-2.15.so
7f6d83ef2000-7f6d83ef3000 r--p 00018000 08:01 4075114                    /lib/x86_64-linux-gnu/libresolv-2.15.so
7f6d83ef3000-7f6d83ef4000 rw-p 00019000 08:01 4075114                    /lib/x86_64-linux-gnu/libresolv-2.15.so
7f6d83ef4000-7f6d83ef6000 rw-p 00000000 00:00 0 
7f6d83ef6000-7f6d83efc000 r-xp 00000000 08:01 2629310                    /usr/lib/x86_64-linux-gnu/libogg.so.0.7.1
7f6d83efc000-7f6d840fb000 ---p 00006000 08:01 2629310                    /usr/lib/x86_64-linux-gnu/libogg.so.0.7.1
7f6d840fb000-7f6d840fc000 r--p 00005000 08:01 2629310                    /usr/lib/x86_64-linux-gnu/libogg.so.0.7.1
7f6d840fc000-7f6d840fd000 rw-p 00006000 08:01 2629310                    /usr/lib/x86_64-linux-gnu/libogg.so.0.7.1
7f6d840fd000-7f6d84128000 r-xp 00000000 08:01 2629468                    /usr/lib/x86_64-linux-gnu/libvorbis.so.0.4.5
7f6d84128000-7f6d84327000 ---p 0002b000 08:01 2629468                    /usr/lib/x86_64-linux-gnu/libvorbis.so.0.4.5
7f6d84327000-7f6d84328000 r--p 0002a000 08:01 2629468                    /usr/lib/x86_64-linux-gnu/libvorbis.so.0.4.5
7f6d84328000-7f6d84329000 rw-p 0002b000 08:01 2629468                    /usr/lib/x86_64-linux-gnu/libvorbis.so.0.4.5
7f6d84329000-7f6d845dc000 r-xp 00000000 08:01 2629470                    /usr/lib/x86_64-linux-gnu/libvorbisenc.so.2.0.8
7f6d845dc000-7f6d847db000 ---p 002b3000 08:01 2629470                    /usr/lib/x86_64-linux-gnu/libvorbisenc.so.2.0.8
7f6d847db000-7f6d847f7000 r--p 002b2000 08:01 2629470                    /usr/lib/x86_64-linux-gnu/libvorbisenc.so.2.0.8
7f6d847f7000-7f6d847f8000 rw-p 002ce000 08:01 2629470                    /usr/lib/x86_64-linux-gnu/libvorbisenc.so.2.0.8
7f6d847f8000-7f6d84840000 r-xp 00000000 08:01 2628843                    /usr/lib/x86_64-linux-gnu/libFLAC.so.8.2.0
7f6d84840000-7f6d84a40000 ---p 00048000 08:01 2628843                    /usr/lib/x86_64-linux-gnu/libFLAC.so.8.2.0
7f6d84a40000-7f6d84a41000 r--p 00048000 08:01 2628843                    /usr/lib/x86_64-linux-gnu/libFLAC.so.8.2.0
7f6d84a41000-7f6d84a42000 rw-p 00049000 08:01 2628843                    /usr/lib/x86_64-linux-gnu/libFLAC.so.8.2.0
7f6d84a42000-7f6d84a47000 r-xp 00000000 08:01 2628957                    /usr/lib/x86_64-linux-gnu/libasyncns.so.0.3.1
7f6d84a47000-7f6d84c46000 ---p 00005000 08:01 2628957                    /usr/lib/x86_64-linux-gnu/libasyncns.so.0.3.1
7f6d84c46000-7f6d84c47000 r--p 00004000 08:01 2628957                    /usr/lib/x86_64-linux-gnu/libasyncns.so.0.3.1
7f6d84c47000-7f6d84c48000 rw-p 00005000 08:01 2628957                    /usr/lib/x86_64-linux-gnu/libasyncns.so.0.3.1
7f6d84c48000-7f6d84ca8000 r-xp 00000000 08:01 2629405                    /usr/lib/x86_64-linux-gnu/libsndfile.so.1.0.25
7f6d84ca8000-7f6d84ea8000 ---p 00060000 08:01 2629405                    /usr/lib/x86_64-linux-gnu/libsndfile.so.1.0.25
7f6d84ea8000-7f6d84eaa000 r--p 00060000 08:01 2629405                    /usr/lib/x86_64-linux-gnu/libsndfile.so.1.0.25
7f6d84eaa000-7f6d84eab000 rw-p 00062000 08:01 2629405                    /usr/lib/x86_64-linux-gnu/libsndfile.so.1.0.25
7f6d84eab000-7f6d84eaf000 rw-p 00000000 00:00 0 
7f6d84eaf000-7f6d84eb7000 r-xp 00000000 08:01 4066973                    /lib/x86_64-linux-gnu/libwrap.so.0.7.6
7f6d84eb7000-7f6d850b6000 ---p 00008000 08:01 4066973                    /lib/x86_64-linux-gnu/libwrap.so.0.7.6
7f6d850b6000-7f6d850b7000 r--p 00007000 08:01 4066973                    /lib/x86_64-linux-gnu/libwrap.so.0.7.6
7f6d850b7000-7f6d850b8000 rw-p 00008000 08:01 4066973                    /lib/x86_64-linux-gnu/libwrap.so.0.7.6
7f6d850b8000-7f6d850fa000 r-xp 00000000 08:01 4066845                    /lib/x86_64-linux-gnu/libdbus-1.so.3.5.8
7f6d850fa000-7f6d852fa000 ---p 00042000 08:01 4066845                    /lib/x86_64-linux-gnu/libdbus-1.so.3.5.8
7f6d852fa000-7f6d852fb000 r--p 00042000 08:01 4066845                    /lib/x86_64-linux-gnu/libdbus-1.so.3.5.8
7f6d852fb000-7f6d852fc000 rw-p 00043000 08:01 4066845                    /lib/x86_64-linux-gnu/libdbus-1.so.3.5.8
7f6d852fc000-7f6d85358000 r-xp 00000000 08:01 2627107                    /usr/lib/x86_64-linux-gnu/libpulsecommon-1.1.so
7f6d85358000-7f6d85558000 ---p 0005c000 08:01 2627107                    /usr/lib/x86_64-linux-gnu/libpulsecommon-1.1.so
7f6d85558000-7f6d85559000 r--p 0005c000 08:01 2627107                    /usr/lib/x86_64-linux-gnu/libpulsecommon-1.1.so
7f6d85559000-7f6d8555a000 rw-p 0005d000 08:01 2627107                    /usr/lib/x86_64-linux-gnu/libpulsecommon-1.1.so
7f6d8555a000-7f6d85561000 r-xp 00000000 08:01 2629244                    /usr/lib/x86_64-linux-gnu/libjson.so.0.0.1
7f6d85561000-7f6d85760000 ---p 00007000 08:01 2629244                    /usr/lib/x86_64-linux-gnu/libjson.so.0.0.1
7f6d85760000-7f6d85761000 r--p 00006000 08:01 2629244                    /usr/lib/x86_64-linux-gnu/libjson.so.0.0.1
7f6d85761000-7f6d85762000 rw-p 00007000 08:01 2629244                    /usr/lib/x86_64-linux-gnu/libjson.so.0.0.1
7f6d85762000-7f6d857a8000 r-xp 00000000 08:01 2627051                    /usr/lib/x86_64-linux-gnu/libpulse.so.0.13.5
7f6d857a8000-7f6d859a8000 ---p 00046000 08:01 2627051                    /usr/lib/x86_64-linux-gnu/libpulse.so.0.13.5
7f6d859a8000-7f6d859a9000 r--p 00046000 08:01 2627051                    /usr/lib/x86_64-linux-gnu/libpulse.so.0.13.5
7f6d859a9000-7f6d859aa000 rw-p 00047000 08:01 2627051                    /usr/lib/x86_64-linux-gnu/libpulse.so.0.13.5
7f6d859aa000-7f6d859fb000 r-xp 00000000 08:01 2361953                    /tmp/libgdxtcollins/2789134151/libopenal64.so
7f6d859fb000-7f6d85bfb000 ---p 00051000 08:01 2361953                    /tmp/libgdxtcollins/2789134151/libopenal64.so
7f6d85bfb000-7f6d85bfd000 r--p 00051000 08:01 2361953                    /tmp/libgdxtcollins/2789134151/libopenal64.so
7f6d85bfd000-7f6d85bfe000 rw-p 00053000 08:01 2361953                    /tmp/libgdxtcollins/2789134151/libopenal64.so
7f6d85bfe000-7f6d85bff000 rw-p 00000000 00:00 0 
7f6d85bff000-7f6d85c03000 r-xp 00000000 08:01 2625094                    /usr/lib/x86_64-linux-gnu/libXxf86vm.so.1.0.0
7f6d85c03000-7f6d85e02000 ---p 00004000 08:01 2625094                    /usr/lib/x86_64-linux-gnu/libXxf86vm.so.1.0.0
7f6d85e02000-7f6d85e03000 r--p 00003000 08:01 2625094                    /usr/lib/x86_64-linux-gnu/libXxf86vm.so.1.0.0
7f6d85e03000-7f6d85e04000 rw-p 00004000 08:01 2625094                    /usr/lib/x86_64-linux-gnu/libXxf86vm.so.1.0.0
7f6d85e04000-7f6d85e0b000 r-xp 00000000 08:01 2623287                    /usr/lib/x86_64-linux-gnu/libXrandr.so.2.2.0
7f6d85e0b000-7f6d8600a000 ---p 00007000 08:01 2623287                    /usr/lib/x86_64-linux-gnu/libXrandr.so.2.2.0
7f6d8600a000-7f6d8600b000 r--p 00006000 08:01 2623287                    /usr/lib/x86_64-linux-gnu/libXrandr.so.2.2.0
7f6d8600b000-7f6d8600c000 rw-p 00007000 08:01 2623287                    /usr/lib/x86_64-linux-gnu/libXrandr.so.2.2.0
7f6d8600c000-7f6d86076000 r-xp 00000000 08:01 2361952                    /tmp/libgdxtcollins/2789134151/liblwjgl64.so
7f6d86076000-7f6d86276000 ---p 0006a000 08:01 2361952                    /tmp/libgdxtcollins/2789134151/liblwjgl64.so
7f6d86276000-7f6d86278000 r--p 0006a000 08:01 2361952                    /tmp/libgdxtcollins/2789134151/liblwjgl64.so
7f6d86278000-7f6d86279000 rw-p 0006c000 08:01 2361952                    /tmp/libgdxtcollins/2789134151/liblwjgl64.so
7f6d86279000-7f6d8627a000 r-xp 00000000 08:01 131240                     /usr/lib/jvm/java-6-openjdk-amd64/jre/lib/amd64/libjawt.so
7f6d8627a000-7f6d86479000 ---p 00001000 08:01 131240                     /usr/lib/jvm/java-6-openjdk-amd64/jre/lib/amd64/libjawt.so
7f6d86479000-7f6d8647a000 r--p 00000000 08:01 131240                     /usr/lib/jvm/java-6-openjdk-amd64/jre/lib/amd64/libjawt.so
7f6d8647a000-7f6d8647b000 rw-p 00001000 08:01 131240                     /usr/lib/jvm/java-6-openjdk-amd64/jre/lib/amd64/libjawt.so
7f6d8647b000-7f6d8647e000 ---p 00000000 00:00 0 
7f6d8647e000-7f6d8657c000 rw-p 00000000 00:00 0 
7f6d8657c000-7f6d86581000 r-xp 00000000 08:01 2623275                    /usr/lib/x86_64-linux-gnu/libXfixes.so.3.1.0
7f6d86581000-7f6d86780000 ---p 00005000 08:01 2623275                    /usr/lib/x86_64-linux-gnu/libXfixes.so.3.1.0
7f6d86780000-7f6d86781000 r--p 00004000 08:01 2623275                    /usr/lib/x86_64-linux-gnu/libXfixes.so.3.1.0
7f6d86781000-7f6d86782000 rw-p 00005000 08:01 2623275                    /usr/lib/x86_64-linux-gnu/libXfixes.so.3.1.0
7f6d86782000-7f6d8678b000 r-xp 00000000 08:01 2623279                    /usr/lib/x86_64-linux-gnu/libXcursor.so.1.0.2
7f6d8678b000-7f6d8698a000 ---p 00009000 08:01 2623279                    /usr/lib/x86_64-linux-gnu/libXcursor.so.1.0.2
7f6d8698a000-7f6d8698b000 r--p 00008000 08:01 2623279                    /usr/lib/x86_64-linux-gnu/libXcursor.so.1.0.2
7f6d8698b000-7f6d8698c000 rw-p 00009000 08:01 2623279                    /usr/lib/x86_64-linux-gnu/libXcursor.so.1.0.2
7f6d8698c000-7f6d86a22000 r-xp 00000000 08:01 2627053                    /usr/lib/x86_64-linux-gnu/libfreetype.so.6.8.0
7f6d86a22000-7f6d86c21000 ---p 00096000 08:01 2627053                    /usr/lib/x86_64-linux-gnu/libfreetype.so.6.8.0
7f6d86c21000-7f6d86c27000 r--p 00095000 08:01 2627053                    /usr/lib/x86_64-linux-gnu/libfreetype.so.6.8.0
7f6d86c27000-7f6d86c28000 rw-p 0009b000 08:01 2627053                    /usr/lib/x86_64-linux-gnu/libfreetype.so.6.8.0
7f6d86c28000-7f6d86c71000 r-xp 00000000 08:01 131256                     /usr/lib/jvm/java-6-openjdk-amd64/jre/lib/amd64/libfontmanager.so
7f6d86c71000-7f6d86e70000 ---p 00049000 08:01 131256                     /usr/lib/jvm/java-6-openjdk-amd64/jre/lib/amd64/libfontmanager.so
7f6d86e70000-7f6d86e72000 r--p 00048000 08:01 131256                     /usr/lib/jvm/java-6-openjdk-amd64/jre/lib/amd64/libfontmanager.so
7f6d86e72000-7f6d86e73000 rw-p 0004a000 08:01 131256                     /usr/lib/jvm/java-6-openjdk-amd64/jre/lib/amd64/libfontmanager.so
7f6d86e73000-7f6d86e74000 rw-p 00000000 00:00 0 
7f6d86e74000-7f6d86e79000 r-xp 00000000 08:01 2628911                    /usr/lib/x86_64-linux-gnu/libXdmcp.so.6.0.0
7f6d86e79000-7f6d87078000 ---p 00005000 08:01 2628911                    /usr/lib/x86_64-linux-gnu/libXdmcp.so.6.0.0
7f6d87078000-7f6d87079000 r--p 00004000 08:01 2628911                    /usr/lib/x86_64-linux-gnu/libXdmcp.so.6.0.0
7f6d87079000-7f6d8707a000 rw-p 00005000 08:01 2628911                    /usr/lib/x86_64-linux-gnu/libXdmcp.so.6.0.0
7f6d8707a000-7f6d8707c000 r-xp 00000000 08:01 2628900                    /usr/lib/x86_64-linux-gnu/libXau.so.6.0.0
7f6d8707c000-7f6d8727b000 ---p 00002000 08:01 2628900                    /usr/lib/x86_64-linux-gnu/libXau.so.6.0.0
7f6d8727b000-7f6d8727c000 r--p 00001000 08:01 2628900                    /usr/lib/x86_64-linux-gnu/libXau.so.6.0.0
7f6d8727c000-7f6d8727d000 rw-p 00002000 08:01 2628900                    /usr/lib/x86_64-linux-gnu/libXau.so.6.0.0
7f6d8727d000-7f6d8729a000 r-xp 00000000 08:01 2623210                    /usr/lib/x86_64-linux-gnu/libxcb.so.1.1.0
7f6d8729a000-7f6d87499000 ---p 0001d000 08:01 2623210                    /usr/lib/x86_64-linux-gnu/libxcb.so.1.1.0
7f6d87499000-7f6d8749a000 r--p 0001c000 08:01 2623210                    /usr/lib/x86_64-linux-gnu/libxcb.so.1.1.0
7f6d8749a000-7f6d8749b000 rw-p 0001d000 08:01 2623210                    /usr/lib/x86_64-linux-gnu/libxcb.so.1.1.0
7f6d8749b000-7f6d874a9000 r-xp 00000000 08:01 2623283                    /usr/lib/x86_64-linux-gnu/libXi.so.6.1.0
7f6d874a9000-7f6d876a8000 ---p 0000e000 08:01 2623283                    /usr/lib/x86_64-linux-gnu/libXi.so.6.1.0
7f6d876a8000-7f6d876a9000 r--p 0000d000 08:01 2623283                    /usr/lib/x86_64-linux-gnu/libXi.so.6.1.0
7f6d876a9000-7f6d876aa000 rw-p 0000e000 08:01 2623283                    /usr/lib/x86_64-linux-gnu/libXi.so.6.1.0
7f6d876aa000-7f6d876af000 r-xp 00000000 08:01 2627227                    /usr/lib/x86_64-linux-gnu/libXtst.so.6.1.0
7f6d876af000-7f6d878ae000 ---p 00005000 08:01 2627227                    /usr/lib/x86_64-linux-gnu/libXtst.so.6.1.0
7f6d878ae000-7f6d878af000 r--p 00004000 08:01 2627227                    /usr/lib/x86_64-linux-gnu/libXtst.so.6.1.0
7f6d878af000-7f6d878b0000 rw-p 00005000 08:01 2627227                    /usr/lib/x86_64-linux-gnu/libXtst.so.6.1.0
7f6d878b0000-7f6d878b9000 r-xp 00000000 08:01 2623277                    /usr/lib/x86_64-linux-gnu/libXrender.so.1.3.0
7f6d878b9000-7f6d87ab8000 ---p 00009000 08:01 2623277                    /usr/lib/x86_64-linux-gnu/libXrender.so.1.3.0
7f6d87ab8000-7f6d87ab9000 r--p 00008000 08:01 2623277                    /usr/lib/x86_64-linux-gnu/libXrender.so.1.3.0
7f6d87ab9000-7f6d87aba000 rw-p 00009000 08:01 2623277                    /usr/lib/x86_64-linux-gnu/libXrender.so.1.3.0
7f6d87aba000-7f6d87bea000 r-xp 00000000 08:01 2623212                    /usr/lib/x86_64-linux-gnu/libX11.so.6.3.0
7f6d87bea000-7f6d87dea000 ---p 00130000 08:01 2623212                    /usr/lib/x86_64-linux-gnu/libX11.so.6.3.0
7f6d87dea000-7f6d87deb000 r--p 00130000 08:01 2623212                    /usr/lib/x86_64-linux-gnu/libX11.so.6.3.0
7f6d87deb000-7f6d87def000 rw-p 00131000 08:01 2623212                    /usr/lib/x86_64-linux-gnu/libX11.so.6.3.0
7f6d87def000-7f6d87dff000 r-xp 00000000 08:01 2623281                    /usr/lib/x86_64-linux-gnu/libXext.so.6.4.0
7f6d87dff000-7f6d87ffe000 ---p 00010000 08:01 2623281                    /usr/lib/x86_64-linux-gnu/libXext.so.6.4.0
7f6d87ffe000-7f6d87fff000 r--p 0000f000 08:01 2623281                    /usr/lib/x86_64-linux-gnu/libXext.so.6.4.0
7f6d87fff000-7f6d88000000 rw-p 00010000 08:01 2623281                    /usr/lib/x86_64-linux-gnu/libXext.so.6.4.0
7f6d88000000-7f6d88117000 rw-p 00000000 00:00 0 
7f6d88117000-7f6d8c000000 ---p 00000000 00:00 0 
7f6d8c000000-7f6d8c021000 rw-p 00000000 00:00 0 
7f6d8c021000-7f6d90000000 ---p 00000000 00:00 0 
7f6d90000000-7f6d90021000 rw-p 00000000 00:00 0 
7f6d90021000-7f6d94000000 ---p 00000000 00:00 0 
7f6d94000000-7f6d9429b000 rw-p 00000000 00:00 0 
7f6d9429b000-7f6d98000000 ---p 00000000 00:00 0 
7f6d98000000-7f6d98021000 rw-p 00000000 00:00 0 
7f6d98021000-7f6d9c000000 ---p 00000000 00:00 0 
7f6d9c000000-7f6d9c91c000 rw-p 00000000 00:00 0 
7f6d9c91c000-7f6da0000000 ---p 00000000 00:00 0 
7f6da0000000-7f6da0021000 rw-p 00000000 00:00 0 
7f6da0021000-7f6da4000000 ---p 00000000 00:00 0 
7f6da4004000-7f6da4084000 rwxp 00000000 00:00 0 
7f6da4084000-7f6da4087000 ---p 00000000 00:00 0 
7f6da4087000-7f6da4185000 rw-p 00000000 00:00 0 
7f6da4185000-7f6da41d0000 r-xp 00000000 08:01 131290                     /usr/lib/jvm/java-6-openjdk-amd64/jre/lib/amd64/xawt/libmawt.so
7f6da41d0000-7f6da43d0000 ---p 0004b000 08:01 131290                     /usr/lib/jvm/java-6-openjdk-amd64/jre/lib/amd64/xawt/libmawt.so
7f6da43d0000-7f6da43d1000 r--p 0004b000 08:01 131290                     /usr/lib/jvm/java-6-openjdk-amd64/jre/lib/amd64/xawt/libmawt.so
7f6da43d1000-7f6da43d4000 rw-p 0004c000 08:01 131290                     /usr/lib/jvm/java-6-openjdk-amd64/jre/lib/amd64/xawt/libmawt.so
7f6da43d4000-7f6da43d5000 rw-p 00000000 00:00 0 
7f6da43d5000-7f6da4482000 r-xp 00000000 08:01 131242                     /usr/lib/jvm/java-6-openjdk-amd64/jre/lib/amd64/libawt.so
7f6da4482000-7f6da4681000 ---p 000ad000 08:01 131242                     /usr/lib/jvm/java-6-openjdk-amd64/jre/lib/amd64/libawt.so
7f6da4681000-7f6da4682000 r--p 000ac000 08:01 131242                     /usr/lib/jvm/java-6-openjdk-amd64/jre/lib/amd64/libawt.so
7f6da4682000-7f6da468d000 rw-p 000ad000 08:01 131242                     /usr/lib/jvm/java-6-openjdk-amd64/jre/lib/amd64/libawt.so
7f6da468d000-7f6da46b2000 rw-p 00000000 00:00 0 
7f6da46b2000-7f6da471a000 r-xp 00000000 08:01 2361950                    /tmp/libgdxtcollins/1506174322/libgdx64.so
7f6da471a000-7f6da4919000 ---p 00068000 08:01 2361950                    /tmp/libgdxtcollins/1506174322/libgdx64.so
7f6da4919000-7f6da491b000 r--p 00067000 08:01 2361950                    /tmp/libgdxtcollins/1506174322/libgdx64.so
7f6da491b000-7f6da491c000 rw-p 00069000 08:01 2361950                    /tmp/libgdxtcollins/1506174322/libgdx64.so
7f6da491c000-7f6da491d000 rw-p 00000000 00:00 0 
7f6da491d000-7f6da5000000 r--p 00000000 08:01 2628252                    /usr/lib/locale/locale-archive
7f6da5000000-7f6da5270000 rwxp 00000000 00:00 0 
7f6da5270000-7f6da8234000 rw-p 00000000 00:00 0 
7f6da8234000-7f6dac000000 ---p 00000000 00:00 0 
7f6dac011000-7f6dac03a000 rw-p 00000000 00:00 0 
7f6dac03a000-7f6dac03b000 r--s 00000000 08:01 2895097                    /var/cache/fontconfig/c05880de57d1f5e948fdfacc138775d9-le64.cache-3
7f6dac03b000-7f6dac044000 r--s 00000000 08:01 2891083                    /var/cache/fontconfig/945677eb7aeaf62f1d50efc3fb3ec7d8-le64.cache-3
7f6dac044000-7f6dac046000 r--s 00000000 08:01 2895095                    /var/cache/fontconfig/99e8ed0e538f840c565b6ed5dad60d56-le64.cache-3
7f6dac046000-7f6dac04a000 r--s 00000000 08:01 2895094                    /var/cache/fontconfig/2cd17615ca594fa2959ae173292e504c-le64.cache-3
7f6dac04a000-7f6dac04b000 r--s 00000000 08:01 2895093                    /var/cache/fontconfig/e7071f4a29fa870f4323321c154eba04-le64.cache-3
7f6dac04b000-7f6dac04c000 r--s 00000000 08:01 2895092                    /var/cache/fontconfig/0d8c3b2ac0904cb8a57a757ad11a4a08-le64.cache-3
7f6dac04c000-7f6dac052000 r--s 00000000 08:01 2895091                    /var/cache/fontconfig/a755afe4a08bf5b97852ceb7400b47bc-le64.cache-3
7f6dac052000-7f6dac05b000 r--s 00000000 08:01 2895090                    /var/cache/fontconfig/6d41288fd70b0be22e8c3a91e032eec0-le64.cache-3
7f6dac05b000-7f6dac06b000 r--s 00000000 08:01 2895089                    /var/cache/fontconfig/04aabc0a78ac019cf9454389977116d2-le64.cache-3
7f6dac06b000-7f6dac06e000 r--s 00000000 08:01 2895088                    /var/cache/fontconfig/385c0604a188198f04d133e54aba7fe7-le64.cache-3
7f6dac06e000-7f6dac06f000 r--s 00000000 08:01 2895087                    /var/cache/fontconfig/4794a0821666d79190d59a36cb4f44b5-le64.cache-3
7f6dac06f000-7f6dac072000 r--s 00000000 08:01 2895086                    /var/cache/fontconfig/8801497958630a81b71ace7c5f9b32a8-le64.cache-3
7f6dac072000-7f6dac077000 r--s 00000000 08:01 2895085                    /var/cache/fontconfig/3047814df9a2f067bd2d96a2b9c36e5a-le64.cache-3
7f6dac077000-7f6dac078000 r--s 00000000 08:01 2895084                    /var/cache/fontconfig/56cf4f4769d0f4abc89a4895d7bd3ae1-le64.cache-3
7f6dac078000-7f6dac079000 r--s 00000000 08:01 2895083                    /var/cache/fontconfig/b9d506c9ac06c20b433354fa67a72993-le64.cache-3
7f6dac079000-7f6dac07e000 r--s 00000000 08:01 2895082                    /var/cache/fontconfig/b47c4e1ecd0709278f4910c18777a504-le64.cache-3
7f6dac07e000-7f6dac08e000 r--s 00000000 08:01 2895081                    /var/cache/fontconfig/d52a8644073d54c13679302ca1180695-le64.cache-3
7f6dac08e000-7f6dac091000 r--s 00000000 08:01 2891080                    /var/cache/fontconfig/e13b20fdb08344e0e664864cc2ede53d-le64.cache-3
7f6dac091000-7f6dac095000 r--s 00000000 08:01 2891060                    /var/cache/fontconfig/7ef2298fde41cc6eeb7af42e48b7d293-le64.cache-3
7f6dac095000-7f6dac096000 r--s 00000000 08:01 2895097                    /var/cache/fontconfig/c05880de57d1f5e948fdfacc138775d9-le64.cache-3
7f6dac096000-7f6dac09f000 r--s 00000000 08:01 2891083                    /var/cache/fontconfig/945677eb7aeaf62f1d50efc3fb3ec7d8-le64.cache-3
7f6dac09f000-7f6dac0a1000 r--s 00000000 08:01 2895095                    /var/cache/fontconfig/99e8ed0e538f840c565b6ed5dad60d56-le64.cache-3
7f6dac0a1000-7f6dac0a5000 r--s 00000000 08:01 2895094                    /var/cache/fontconfig/2cd17615ca594fa2959ae173292e504c-le64.cache-3
7f6dac0a5000-7f6dac0a6000 r--s 00000000 08:01 2895093                    /var/cache/fontconfig/e7071f4a29fa870f4323321c154eba04-le64.cache-3
7f6dac0a6000-7f6dac0a7000 r--s 00000000 08:01 2895092                    /var/cache/fontconfig/0d8c3b2ac0904cb8a57a757ad11a4a08-le64.cache-3
7f6dac0a7000-7f6dac0ad000 r--s 00000000 08:01 2895091                    /var/cache/fontconfig/a755afe4a08bf5b97852ceb7400b47bc-le64.cache-3
7f6dac0ad000-7f6dac0b6000 r--s 00000000 08:01 2895090                    /var/cache/fontconfig/6d41288fd70b0be22e8c3a91e032eec0-le64.cache-3
7f6dac0b6000-7f6dac0c6000 r--s 00000000 08:01 2895089                    /var/cache/fontconfig/04aabc0a78ac019cf9454389977116d2-le64.cache-3
7f6dac0c6000-7f6dac0c9000 r--s 00000000 08:01 2895088                    /var/cache/fontconfig/385c0604a188198f04d133e54aba7fe7-le64.cache-3
7f6dac0c9000-7f6dac0ca000 r--s 00000000 08:01 2895087                    /var/cache/fontconfig/4794a0821666d79190d59a36cb4f44b5-le64.cache-3
7f6dac0ca000-7f6dac0cd000 r--s 00000000 08:01 2895086                    /var/cache/fontconfig/8801497958630a81b71ace7c5f9b32a8-le64.cache-3
7f6dac0cd000-7f6dac0d2000 r--s 00000000 08:01 2895085                    /var/cache/fontconfig/3047814df9a2f067bd2d96a2b9c36e5a-le64.cache-3
7f6dac0d2000-7f6dac0d3000 r--s 00000000 08:01 2895084                    /var/cache/fontconfig/56cf4f4769d0f4abc89a4895d7bd3ae1-le64.cache-3
7f6dac0d3000-7f6dac0d4000 r--s 00000000 08:01 2895083                    /var/cache/fontconfig/b9d506c9ac06c20b433354fa67a72993-le64.cache-3
7f6dac0d4000-7f6dac0d9000 r--s 00000000 08:01 2895082                    /var/cache/fontconfig/b47c4e1ecd0709278f4910c18777a504-le64.cache-3
7f6dac0d9000-7f6dac0e9000 r--s 00000000 08:01 2895081                    /var/cache/fontconfig/d52a8644073d54c13679302ca1180695-le64.cache-3
7f6dac0e9000-7f6dac0ec000 r--s 00000000 08:01 2891080                    /var/cache/fontconfig/e13b20fdb08344e0e664864cc2ede53d-le64.cache-3
7f6dac0ec000-7f6dac0f0000 r--s 00000000 08:01 2891060                    /var/cache/fontconfig/7ef2298fde41cc6eeb7af42e48b7d293-le64.cache-3
7f6dac0f0000-7f6dac0f7000 r--s 000fc000 08:01 2893891                    /usr/lib/jvm/java-6-openjdk-common/jre/lib/resources.jar
7f6dac0f7000-7f6dac0f8000 r--s 0011b000 08:01 2228386                    /home/tcollins/dev/game-dev/nugget-game/nugget-desktop/libs/gdx-natives.jar
7f6dac0f8000-7f6dac0f9000 r--s 00162000 08:01 2228387                    /home/tcollins/dev/game-dev/nugget-game/nugget-desktop/libs/gdx-backend-lwjgl-natives.jar
7f6dac0f9000-7f6dac10d000 r--s 0014d000 08:01 2228385                    /home/tcollins/dev/game-dev/nugget-game/nugget-desktop/libs/gdx-backend-lwjgl.jar
7f6dac10d000-7f6dac126000 r--s 001df000 08:01 2228657                    /home/tcollins/dev/game-dev/nugget-game/nugget/libs/gdx-tools.jar
7f6dac126000-7f6dac127000 ---p 00000000 00:00 0 
7f6dac127000-7f6dac227000 rw-p 00000000 00:00 0 
7f6dac227000-7f6dac22a000 ---p 00000000 00:00 0 
7f6dac22a000-7f6dac328000 rw-p 00000000 00:00 0 
7f6dac328000-7f6dac32b000 ---p 00000000 00:00 0 
7f6dac32b000-7f6dac429000 rw-p 00000000 00:00 0 
7f6dac429000-7f6dac42c000 ---p 00000000 00:00 0 
7f6dac42c000-7f6dac52a000 rw-p 00000000 00:00 0 
7f6dac52a000-7f6dac52d000 ---p 00000000 00:00 0 
7f6dac52d000-7f6dac62b000 rw-p 00000000 00:00 0 
7f6dac62b000-7f6dac62e000 ---p 00000000 00:00 0 
7f6dac62e000-7f6dac72c000 rw-p 00000000 00:00 0 
7f6dac72c000-7f6dac72f000 ---p 00000000 00:00 0 
7f6dac72f000-7f6dac82d000 rw-p 00000000 00:00 0 
7f6dac82d000-7f6dac82e000 ---p 00000000 00:00 0 
7f6dac82e000-7f6dac961000 rw-p 00000000 00:00 0 
7f6dac961000-7f6dacaf5000 r--s 03807000 08:01 131232                     /usr/lib/jvm/java-6-openjdk-amd64/jre/lib/rt.jar
7f6dacaf5000-7f6dacb28000 rw-p 00000000 00:00 0 
7f6dacb28000-7f6dacb71000 rw-p 00000000 00:00 0 
7f6dacb71000-7f6dacb86000 rw-p 00000000 00:00 0 
7f6dacb86000-7f6daccbc000 rw-p 00000000 00:00 0 
7f6daccbc000-7f6daccc7000 rw-p 00000000 00:00 0 
7f6daccc7000-7f6dacd61000 rw-p 00000000 00:00 0 
7f6dacd61000-7f6dacd76000 rw-p 00000000 00:00 0 
7f6dacd76000-7f6daceab000 rw-p 00000000 00:00 0 
7f6daceab000-7f6daceb6000 rw-p 00000000 00:00 0 
7f6daceb6000-7f6dacefe000 rw-p 00000000 00:00 0 
7f6dacefe000-7f6daceff000 rw-p 00000000 00:00 0 
7f6daceff000-7f6dacf06000 r-xp 00000000 08:01 131239                     /usr/lib/jvm/java-6-openjdk-amd64/jre/lib/amd64/libzip.so
7f6dacf06000-7f6dad105000 ---p 00007000 08:01 131239                     /usr/lib/jvm/java-6-openjdk-amd64/jre/lib/amd64/libzip.so
7f6dad105000-7f6dad106000 r--p 00006000 08:01 131239                     /usr/lib/jvm/java-6-openjdk-amd64/jre/lib/amd64/libzip.so
7f6dad106000-7f6dad107000 rw-p 00007000 08:01 131239                     /usr/lib/jvm/java-6-openjdk-amd64/jre/lib/amd64/libzip.so
7f6dad107000-7f6dad113000 r-xp 00000000 08:01 4075113                    /lib/x86_64-linux-gnu/libnss_files-2.15.so
7f6dad113000-7f6dad312000 ---p 0000c000 08:01 4075113                    /lib/x86_64-linux-gnu/libnss_files-2.15.so
7f6dad312000-7f6dad313000 r--p 0000b000 08:01 4075113                    /lib/x86_64-linux-gnu/libnss_files-2.15.so
7f6dad313000-7f6dad314000 rw-p 0000c000 08:01 4075113                    /lib/x86_64-linux-gnu/libnss_files-2.15.so
7f6dad314000-7f6dad31e000 r-xp 00000000 08:01 4075117                    /lib/x86_64-linux-gnu/libnss_nis-2.15.so
7f6dad31e000-7f6dad51e000 ---p 0000a000 08:01 4075117                    /lib/x86_64-linux-gnu/libnss_nis-2.15.so
7f6dad51e000-7f6dad51f000 r--p 0000a000 08:01 4075117                    /lib/x86_64-linux-gnu/libnss_nis-2.15.so
7f6dad51f000-7f6dad520000 rw-p 0000b000 08:01 4075117                    /lib/x86_64-linux-gnu/libnss_nis-2.15.so
7f6dad520000-7f6dad537000 r-xp 00000000 08:01 4075129                    /lib/x86_64-linux-gnu/libnsl-2.15.so
7f6dad537000-7f6dad736000 ---p 00017000 08:01 4075129                    /lib/x86_64-linux-gnu/libnsl-2.15.so
7f6dad736000-7f6dad737000 r--p 00016000 08:01 4075129                    /lib/x86_64-linux-gnu/libnsl-2.15.so
7f6dad737000-7f6dad738000 rw-p 00017000 08:01 4075129                    /lib/x86_64-linux-gnu/libnsl-2.15.so
7f6dad738000-7f6dad73a000 rw-p 00000000 00:00 0 
7f6dad73a000-7f6dad742000 r-xp 00000000 08:01 4075111                    /lib/x86_64-linux-gnu/libnss_compat-2.15.so
7f6dad742000-7f6dad941000 ---p 00008000 08:01 4075111                    /lib/x86_64-linux-gnu/libnss_compat-2.15.so
7f6dad941000-7f6dad942000 r--p 00007000 08:01 4075111                    /lib/x86_64-linux-gnu/libnss_compat-2.15.so
7f6dad942000-7f6dad943000 rw-p 00008000 08:01 4075111                    /lib/x86_64-linux-gnu/libnss_compat-2.15.so
7f6dad943000-7f6dad96f000 r-xp 00000000 08:01 131238                     /usr/lib/jvm/java-6-openjdk-amd64/jre/lib/amd64/libjava.so
7f6dad96f000-7f6dadb6e000 ---p 0002c000 08:01 131238                     /usr/lib/jvm/java-6-openjdk-amd64/jre/lib/amd64/libjava.so
7f6dadb6e000-7f6dadb6f000 r--p 0002b000 08:01 131238                     /usr/lib/jvm/java-6-openjdk-amd64/jre/lib/amd64/libjava.so
7f6dadb6f000-7f6dadb72000 rw-p 0002c000 08:01 131238                     /usr/lib/jvm/java-6-openjdk-amd64/jre/lib/amd64/libjava.so
7f6dadb72000-7f6dadb80000 r-xp 00000000 08:01 131263                     /usr/lib/jvm/java-6-openjdk-amd64/jre/lib/amd64/libverify.so
7f6dadb80000-7f6dadd7f000 ---p 0000e000 08:01 131263                     /usr/lib/jvm/java-6-openjdk-amd64/jre/lib/amd64/libverify.so
7f6dadd7f000-7f6dadd81000 r--p 0000d000 08:01 131263                     /usr/lib/jvm/java-6-openjdk-amd64/jre/lib/amd64/libverify.so
7f6dadd81000-7f6dadd82000 rw-p 0000f000 08:01 131263                     /usr/lib/jvm/java-6-openjdk-amd64/jre/lib/amd64/libverify.so
7f6dadd82000-7f6dadd89000 r-xp 00000000 08:01 4075116                    /lib/x86_64-linux-gnu/librt-2.15.so
7f6dadd89000-7f6dadf88000 ---p 00007000 08:01 4075116                    /lib/x86_64-linux-gnu/librt-2.15.so
7f6dadf88000-7f6dadf89000 r--p 00006000 08:01 4075116                    /lib/x86_64-linux-gnu/librt-2.15.so
7f6dadf89000-7f6dadf8a000 rw-p 00007000 08:01 4075116                    /lib/x86_64-linux-gnu/librt-2.15.so
7f6dadf8a000-7f6dadf9f000 r-xp 00000000 08:01 4066885                    /lib/x86_64-linux-gnu/libgcc_s.so.1
7f6dadf9f000-7f6dae19e000 ---p 00015000 08:01 4066885                    /lib/x86_64-linux-gnu/libgcc_s.so.1
7f6dae19e000-7f6dae19f000 r--p 00014000 08:01 4066885                    /lib/x86_64-linux-gnu/libgcc_s.so.1
7f6dae19f000-7f6dae1a0000 rw-p 00015000 08:01 4066885                    /lib/x86_64-linux-gnu/libgcc_s.so.1
7f6dae1a0000-7f6dae29b000 r-xp 00000000 08:01 4075120                    /lib/x86_64-linux-gnu/libm-2.15.so
7f6dae29b000-7f6dae49a000 ---p 000fb000 08:01 4075120                    /lib/x86_64-linux-gnu/libm-2.15.so
7f6dae49a000-7f6dae49b000 r--p 000fa000 08:01 4075120                    /lib/x86_64-linux-gnu/libm-2.15.so
7f6dae49b000-7f6dae49c000 rw-p 000fb000 08:01 4075120                    /lib/x86_64-linux-gnu/libm-2.15.so
7f6dae49c000-7f6dae57e000 r-xp 00000000 08:01 2629427                    /usr/lib/x86_64-linux-gnu/libstdc++.so.6.0.16
7f6dae57e000-7f6dae77d000 ---p 000e2000 08:01 2629427                    /usr/lib/x86_64-linux-gnu/libstdc++.so.6.0.16
7f6dae77d000-7f6dae785000 r--p 000e1000 08:01 2629427                    /usr/lib/x86_64-linux-gnu/libstdc++.so.6.0.16
7f6dae785000-7f6dae787000 rw-p 000e9000 08:01 2629427                    /usr/lib/x86_64-linux-gnu/libstdc++.so.6.0.16
7f6dae787000-7f6dae79c000 rw-p 00000000 00:00 0 
7f6dae79c000-7f6daf09c000 r-xp 00000000 08:01 131252                     /usr/lib/jvm/java-6-openjdk-amd64/jre/lib/amd64/server/libjvm.so
7f6daf09c000-7f6daf29c000 ---p 00900000 08:01 131252                     /usr/lib/jvm/java-6-openjdk-amd64/jre/lib/amd64/server/libjvm.so
7f6daf29c000-7f6daf31d000 r--p 00900000 08:01 131252                     /usr/lib/jvm/java-6-openjdk-amd64/jre/lib/amd64/server/libjvm.so
7f6daf31d000-7f6daf338000 rw-p 00981000 08:01 131252                     /usr/lib/jvm/java-6-openjdk-amd64/jre/lib/amd64/server/libjvm.so
7f6daf338000-7f6daf361000 rw-p 00000000 00:00 0 
7f6daf361000-7f6daf377000 r-xp 00000000 08:01 4066975                    /lib/x86_64-linux-gnu/libz.so.1.2.3.4
7f6daf377000-7f6daf576000 ---p 00016000 08:01 4066975                    /lib/x86_64-linux-gnu/libz.so.1.2.3.4
7f6daf576000-7f6daf577000 r--p 00015000 08:01 4066975                    /lib/x86_64-linux-gnu/libz.so.1.2.3.4
7f6daf577000-7f6daf578000 rw-p 00016000 08:01 4066975                    /lib/x86_64-linux-gnu/libz.so.1.2.3.4
7f6daf578000-7f6daf72d000 r-xp 00000000 08:01 4075109                    /lib/x86_64-linux-gnu/libc-2.15.so
7f6daf72d000-7f6daf92d000 ---p 001b5000 08:01 4075109                    /lib/x86_64-linux-gnu/libc-2.15.so
7f6daf92d000-7f6daf931000 r--p 001b5000 08:01 4075109                    /lib/x86_64-linux-gnu/libc-2.15.so
7f6daf931000-7f6daf933000 rw-p 001b9000 08:01 4075109                    /lib/x86_64-linux-gnu/libc-2.15.so
7f6daf933000-7f6daf938000 rw-p 00000000 00:00 0 
7f6daf938000-7f6daf93a000 r-xp 00000000 08:01 4075124                    /lib/x86_64-linux-gnu/libdl-2.15.so
7f6daf93a000-7f6dafb3a000 ---p 00002000 08:01 4075124                    /lib/x86_64-linux-gnu/libdl-2.15.so
7f6dafb3a000-7f6dafb3b000 r--p 00002000 08:01 4075124                    /lib/x86_64-linux-gnu/libdl-2.15.so
7f6dafb3b000-7f6dafb3c000 rw-p 00003000 08:01 4075124                    /lib/x86_64-linux-gnu/libdl-2.15.so
7f6dafb3c000-7f6dafb40000 r-xp 00000000 08:01 131265                     /usr/lib/jvm/java-6-openjdk-amd64/jre/lib/amd64/jli/libjli.so
7f6dafb40000-7f6dafd3f000 ---p 00004000 08:01 131265                     /usr/lib/jvm/java-6-openjdk-amd64/jre/lib/amd64/jli/libjli.so
7f6dafd3f000-7f6dafd40000 r--p 00003000 08:01 131265                     /usr/lib/jvm/java-6-openjdk-amd64/jre/lib/amd64/jli/libjli.so
7f6dafd40000-7f6dafd41000 rw-p 00004000 08:01 131265                     /usr/lib/jvm/java-6-openjdk-amd64/jre/lib/amd64/jli/libjli.so
7f6dafd41000-7f6dafd59000 r-xp 00000000 08:01 4075118                    /lib/x86_64-linux-gnu/libpthread-2.15.so
7f6dafd59000-7f6daff58000 ---p 00018000 08:01 4075118                    /lib/x86_64-linux-gnu/libpthread-2.15.so
7f6daff58000-7f6daff59000 r--p 00017000 08:01 4075118                    /lib/x86_64-linux-gnu/libpthread-2.15.so
7f6daff59000-7f6daff5a000 rw-p 00018000 08:01 4075118                    /lib/x86_64-linux-gnu/libpthread-2.15.so
7f6daff5a000-7f6daff5e000 rw-p 00000000 00:00 0 
7f6daff5e000-7f6daff80000 r-xp 00000000 08:01 4075121                    /lib/x86_64-linux-gnu/ld-2.15.so
7f6daff80000-7f6daff87000 r--s 00000000 08:01 2897865                    /usr/lib/x86_64-linux-gnu/gconv/gconv-modules.cache
7f6daff87000-7f6daff8a000 r--s 0000b000 08:01 2228370                    /home/tcollins/dev/game-dev/nugget-game/nugget/libs/tween-engine-api.jar
7f6daff8a000-7f6daff8d000 r--s 0007f000 08:01 2893908                    /usr/lib/jvm/java-6-openjdk-common/jre/lib/jsse.jar
7f6daff8d000-7f6daff9f000 r--s 0010a000 08:01 2228369                    /home/tcollins/dev/game-dev/nugget-game/nugget/libs/gdx.jar
7f6daff9f000-7f6daffa9000 rw-p 00000000 00:00 0 
7f6daffa9000-7f6db005f000 rw-p 00000000 00:00 0 
7f6db005f000-7f6db0062000 ---p 00000000 00:00 0 
7f6db0062000-7f6db0165000 rw-p 00000000 00:00 0 
7f6db0165000-7f6db0168000 r--s 00031000 08:01 2893881                    /usr/lib/jvm/java-6-openjdk-common/jre/lib/ext/sunjce_provider.jar
7f6db0168000-7f6db016b000 r--s 00077000 08:01 2893879                    /usr/lib/jvm/java-6-openjdk-common/jre/lib/ext/localedata.jar
7f6db016b000-7f6db016f000 r--s 00039000 08:01 2886097                    /usr/lib/jvm/java-6-openjdk-common/jre/lib/ext/sunpkcs11.jar
7f6db016f000-7f6db0171000 r--s 0000f000 08:01 2893870                    /usr/lib/jvm/java-6-openjdk-common/jre/lib/ext/pulse-java.jar
7f6db0171000-7f6db0172000 r--s 00007000 08:01 2892691                    /usr/share/java/java-atk-wrapper.jar
7f6db0172000-7f6db0174000 r--s 00001000 08:01 2893880                    /usr/lib/jvm/java-6-openjdk-common/jre/lib/ext/dnsns.jar
7f6db0174000-7f6db017c000 rw-s 00000000 08:01 2361959                    /tmp/hsperfdata_tcollins/3862
7f6db017c000-7f6db017d000 rw-p 00000000 00:00 0 
7f6db017d000-7f6db017e000 r--p 00000000 00:00 0 
7f6db017e000-7f6db0180000 rw-p 00000000 00:00 0 
7f6db0180000-7f6db0181000 r--p 00022000 08:01 4075121                    /lib/x86_64-linux-gnu/ld-2.15.so
7f6db0181000-7f6db0183000 rw-p 00023000 08:01 4075121                    /lib/x86_64-linux-gnu/ld-2.15.so
7fff35b62000-7fff35b83000 rw-p 00000000 00:00 0                          [stack]
7fff35bcf000-7fff35bd0000 r-xp 00000000 00:00 0                          [vdso]
ffffffffff600000-ffffffffff601000 r-xp 00000000 00:00 0                  [vsyscall]

VM Arguments:
jvm_args: -Dfile.encoding=UTF-8 
java_command: net.tcollins.nugget.NuggetGameDesktop
Launcher Type: SUN_STANDARD

Environment Variables:
PATH=/usr/lib/lightdm/lightdm:/usr/local/sbin:/usr/local/bin:/usr/sbin:/usr/bin:/sbin:/bin:/usr/games
LD_LIBRARY_PATH=/usr/lib/jvm/java-6-openjdk-amd64/jre/lib/amd64/server:/usr/lib/jvm/java-6-openjdk-amd64/jre/lib/amd64:/usr/lib/jvm/java-6-openjdk-amd64/jre/../lib/amd64
SHELL=/bin/bash
DISPLAY=:0

Signal Handlers:
SIGSEGV: [libjvm.so+0x7837a0], sa_mask[0]=0x7ffbfeff, sa_flags=0x10000004
SIGBUS: [libjvm.so+0x7837a0], sa_mask[0]=0x7ffbfeff, sa_flags=0x10000004
SIGFPE: [libjvm.so+0x647720], sa_mask[0]=0x7ffbfeff, sa_flags=0x10000004
SIGPIPE: SIG_IGN, sa_mask[0]=0x00001000, sa_flags=0x10000000
SIGXFSZ: [libjvm.so+0x647720], sa_mask[0]=0x7ffbfeff, sa_flags=0x10000004
SIGILL: [libjvm.so+0x647720], sa_mask[0]=0x7ffbfeff, sa_flags=0x10000004
SIGUSR1: SIG_DFL, sa_mask[0]=0x00000000, sa_flags=0x00000000
SIGUSR2: [libjvm.so+0x647900], sa_mask[0]=0x00000004, sa_flags=0x10000004
SIGHUP: [libjvm.so+0x64a2d0], sa_mask[0]=0x7ffbfeff, sa_flags=0x10000004
SIGINT: [swrast_dri.so+0x484b20], sa_mask[0]=0x00000002, sa_flags=0x10000000
SIGTERM: [swrast_dri.so+0x484b20], sa_mask[0]=0x00004000, sa_flags=0x10000000
SIGQUIT: [libjvm.so+0x64a2d0], sa_mask[0]=0x7ffbfeff, sa_flags=0x10000004


---------------  S Y S T E M  ---------------

OS:Ubuntu 12.04 (precise)
uname:Linux 3.2.0-53-generic #81-Ubuntu SMP Thu Aug 22 21:01:03 UTC 2013 x86_64
libc:glibc 2.15 NPTL 2.15 
rlimit: STACK 8192k, CORE 0k, NPROC 31502, NOFILE 4096, AS infinity
load average:0.57 0.42 0.32

/proc/meminfo:
MemTotal:        4049972 kB
MemFree:         1582768 kB
Buffers:          182056 kB
Cached:           827028 kB
SwapCached:            0 kB
Active:          1599640 kB
Inactive:         643904 kB
Active(anon):    1235172 kB
Inactive(anon):     9256 kB
Active(file):     364468 kB
Inactive(file):   634648 kB
Unevictable:           0 kB
Mlocked:               0 kB
SwapTotal:       4191228 kB
SwapFree:        4191228 kB
Dirty:               376 kB
Writeback:             0 kB
AnonPages:       1234508 kB
Mapped:           215140 kB
Shmem:              9896 kB
Slab:             129116 kB
SReclaimable:     109228 kB
SUnreclaim:        19888 kB
KernelStack:        3672 kB
PageTables:        28904 kB
NFS_Unstable:          0 kB
Bounce:                0 kB
WritebackTmp:          0 kB
CommitLimit:     6216212 kB
Committed_AS:    3713592 kB
VmallocTotal:   34359738367 kB
VmallocUsed:       66704 kB
VmallocChunk:   34359669052 kB
HardwareCorrupted:     0 kB
AnonHugePages:         0 kB
HugePages_Total:       0
HugePages_Free:        0
HugePages_Rsvd:        0
HugePages_Surp:        0
Hugepagesize:       2048 kB
DirectMap4k:       51136 kB
DirectMap2M:     4143104 kB


CPU:total 1 (1 cores per cpu, 1 threads per core) family 16 model 10 stepping 0, cmov, cx8, fxsr, mmx, sse, sse2, sse3, 3dnowpref

Memory: 4k page, physical 4049972k(1582768k free), swap 4191228k(4191228k free)

vm_info: OpenJDK 64-Bit Server VM (20.0-b12) for linux-amd64 JRE (1.6.0_27-b27), built on Jul 17 2013 13:53:24 by "buildd" with gcc 4.6.3

time: Sat Nov  9 12:22:42 2013
elapsed time: 10 seconds

